"../../../Engine/Plugins/2D/Paper2D/Content/PlaceholderTextures/DummySpriteTexture.ubulk" 0
"../../../Engine/Plugins/2D/Paper2D/Content/PlaceholderTextures/DummySpriteTexture.uasset" 1
"../../../Engine/Plugins/2D/Paper2D/Content/PlaceholderTextures/DummySpriteTexture.uexp" 2
"../../../Engine/Plugins/2D/Paper2D/Content/DummySprite.uasset" 3
"../../../Engine/Plugins/2D/Paper2D/Content/DummySprite.uexp" 4
"../../../Engine/Plugins/2D/Paper2D/Content/DefaultPaperTerrainMaterial.uasset" 5
"../../../Engine/Plugins/2D/Paper2D/Content/DefaultPaperTerrainMaterial.uexp" 6
"../../../Engine/Plugins/Animation/ACLPlugin/Content/ACLAnimCurveCompressionSettings.uasset" 7
"../../../Engine/Plugins/Animation/ACLPlugin/Content/ACLAnimCurveCompressionSettings.uexp" 8
"../../../Engine/Plugins/Animation/ACLPlugin/Content/ACLAnimBoneCompressionSettings.uasset" 9
"../../../Engine/Plugins/Animation/ACLPlugin/Content/ACLAnimBoneCompressionSettings.uexp" 10
"../../../Engine/Content/Animation/DefaultVariableFrameStrippingSettings.uasset" 11
"../../../Engine/Content/Animation/DefaultVariableFrameStrippingSettings.uexp" 12
"../../../Engine/Content/Animation/DefaultRecorderBoneCompression.uasset" 13
"../../../Engine/Content/Animation/DefaultRecorderBoneCompression.uexp" 14
"../../../Engine/Content/EngineMaterials/DefaultPhysicalMaterial.uasset" 15
"../../../Engine/Content/EngineMaterials/DefaultPhysicalMaterial.uexp" 16
"../../../Engine/Content/EngineMaterials/DefaultDestructiblePhysicalMaterial.uasset" 17
"../../../Engine/Content/EngineMaterials/DefaultDestructiblePhysicalMaterial.uexp" 18
"../../../Engine/Content/EngineFonts/Faces/DroidSansFallback.uexp" 19
"../../../Engine/Content/EngineFonts/Faces/DroidSansFallback.uasset" 20
"../../../Engine/Content/EngineFonts/Faces/DroidSansFallback.ufont" 21
"../../../Engine/Content/EngineFonts/Faces/RobotoBold.uexp" 22
"../../../Engine/Content/EngineFonts/Faces/RobotoBold.uasset" 23
"../../../Engine/Content/EngineFonts/Faces/RobotoBold.ufont" 24
"../../../Engine/Content/EngineFonts/Faces/RobotoBoldItalic.uexp" 25
"../../../Engine/Content/EngineFonts/Faces/RobotoBoldItalic.uasset" 26
"../../../Engine/Content/EngineFonts/Faces/RobotoBoldItalic.ufont" 27
"../../../Engine/Content/EngineFonts/Faces/RobotoItalic.uexp" 28
"../../../Engine/Content/EngineFonts/Faces/RobotoItalic.uasset" 29
"../../../Engine/Content/EngineFonts/Faces/RobotoItalic.ufont" 30
"../../../Engine/Content/EngineFonts/Faces/RobotoLight.uexp" 31
"../../../Engine/Content/EngineFonts/Faces/RobotoLight.uasset" 32
"../../../Engine/Content/EngineFonts/Faces/RobotoLight.ufont" 33
"../../../Engine/Content/EngineFonts/Faces/RobotoRegular.uexp" 34
"../../../Engine/Content/EngineFonts/Faces/RobotoRegular.uasset" 35
"../../../Engine/Content/EngineFonts/Faces/RobotoRegular.ufont" 36
"../../../Engine/Content/EngineFonts/Roboto.uasset" 37
"../../../Engine/Content/EngineFonts/Roboto.uexp" 38
"../../../Engine/Content/EngineFonts/Faces/DroidSansMono.uexp" 39
"../../../Engine/Content/EngineFonts/Faces/DroidSansMono.uasset" 40
"../../../Engine/Content/EngineFonts/Faces/DroidSansMono.ufont" 41
"../../../Engine/Content/EngineFonts/DroidSansMono.uasset" 42
"../../../Engine/Content/EngineFonts/DroidSansMono.uexp" 43
"../../../Engine/Plugins/Interchange/Runtime/Content/Pipelines/DefaultTexturePipeline.uasset" 44
"../../../Engine/Plugins/Interchange/Runtime/Content/Pipelines/DefaultTexturePipeline.uexp" 45
"../../../Engine/Plugins/Interchange/Runtime/Content/Pipelines/DefaultSceneLevelPipeline.uasset" 46
"../../../Engine/Plugins/Interchange/Runtime/Content/Pipelines/DefaultSceneLevelPipeline.uexp" 47
"../../../Engine/Plugins/Interchange/Runtime/Content/Pipelines/DefaultSceneAssetsPipeline.uasset" 48
"../../../Engine/Plugins/Interchange/Runtime/Content/Pipelines/DefaultSceneAssetsPipeline.uexp" 49
"../../../Engine/Plugins/Interchange/Runtime/Content/Pipelines/DefaultMaterialXPipeline.uasset" 50
"../../../Engine/Plugins/Interchange/Runtime/Content/Pipelines/DefaultMaterialXPipeline.uexp" 51
"../../../Engine/Plugins/Interchange/Runtime/Content/Pipelines/DefaultMaterialPipeline.uasset" 52
"../../../Engine/Plugins/Interchange/Runtime/Content/Pipelines/DefaultMaterialPipeline.uexp" 53
"../../../Engine/Plugins/Interchange/Runtime/Content/Pipelines/DefaultGLTFSceneAssetsPipeline.uasset" 54
"../../../Engine/Plugins/Interchange/Runtime/Content/Pipelines/DefaultGLTFSceneAssetsPipeline.uexp" 55
"../../../Engine/Plugins/Interchange/Runtime/Content/Pipelines/DefaultGLTFPipeline.uasset" 56
"../../../Engine/Plugins/Interchange/Runtime/Content/Pipelines/DefaultGLTFPipeline.uexp" 57
"../../../Engine/Plugins/Interchange/Runtime/Content/Pipelines/DefaultGLTFAssetsPipeline.uasset" 58
"../../../Engine/Plugins/Interchange/Runtime/Content/Pipelines/DefaultGLTFAssetsPipeline.uexp" 59
"../../../Engine/Plugins/Interchange/Runtime/Content/Pipelines/DefaultAssetsPipeline.uasset" 60
"../../../Engine/Plugins/Interchange/Runtime/Content/Pipelines/DefaultAssetsPipeline.uexp" 61
"../../../Engine/Plugins/Animation/ControlRig/Content/Controls/DefaultGizmoLibraryNormalized.uasset" 62
"../../../Engine/Plugins/Animation/ControlRig/Content/Controls/DefaultGizmoLibraryNormalized.uexp" 63
"../../../Engine/Content/EngineSounds/Master.uasset" 64
"../../../Engine/Content/EngineSounds/Master.uexp" 65
"../../../Engine/Content/MobileResources/HUD/VirtualJoystick_Thumb.uasset" 66
"../../../Engine/Content/MobileResources/HUD/VirtualJoystick_Thumb.uexp" 67
"../../../Engine/Content/MobileResources/HUD/VirtualJoystick_Background.uasset" 68
"../../../Engine/Content/MobileResources/HUD/VirtualJoystick_Background.uexp" 69
"../../../Engine/Content/MobileResources/HUD/DefaultVirtualJoysticks.uasset" 70
"../../../Engine/Content/MobileResources/HUD/DefaultVirtualJoysticks.uexp" 71
"../../../Engine/Content/EngineResources/GradientTexture0.uasset" 72
"../../../Engine/Content/EngineResources/GradientTexture0.uexp" 73
"../../../Engine/Content/EngineResources/Black.uasset" 74
"../../../Engine/Content/EngineResources/Black.uexp" 75
"../../../Engine/Content/EditorResources/S_Actor.ubulk" 76
"../../../Engine/Content/EditorResources/S_Actor.uasset" 77
"../../../Engine/Content/EditorResources/S_Actor.uexp" 78
"../../../Engine/Plugins/NNE/NNEDenoiser/Content/NNEDTOM_Output_Default.uasset" 79
"../../../Engine/Plugins/NNE/NNEDenoiser/Content/NNEDTOM_Output_Default.uexp" 80
"../../../Engine/Plugins/NNE/NNEDenoiser/Content/NNEDTOM_Output_Alpha.uasset" 81
"../../../Engine/Plugins/NNE/NNEDenoiser/Content/NNEDTOM_Output_Alpha.uexp" 82
"../../../Engine/Plugins/NNE/NNEDenoiser/Content/NNEDTIM_ColorAlbedoNormal_Default.uasset" 83
"../../../Engine/Plugins/NNE/NNEDenoiser/Content/NNEDTIM_ColorAlbedoNormal_Default.uexp" 84
"../../../Engine/Plugins/NNE/NNEDenoiser/Content/NNEDTIM_ColorAlbedoNormal_Alpha.uasset" 85
"../../../Engine/Plugins/NNE/NNEDenoiser/Content/NNEDTIM_ColorAlbedoNormal_Alpha.uexp" 86
"../../../Engine/Plugins/NNE/NNEDenoiser/Content/NNEDOM_Output_Default.uasset" 87
"../../../Engine/Plugins/NNE/NNEDenoiser/Content/NNEDOM_Output_Default.uexp" 88
"../../../Engine/Plugins/NNE/NNEDenoiser/Content/NNEDOM_Output_Alpha.uasset" 89
"../../../Engine/Plugins/NNE/NNEDenoiser/Content/NNEDOM_Output_Alpha.uexp" 90
"../../../Engine/Plugins/NNE/NNEDenoiser/Content/NNEDIM_HighQuality_Default.uasset" 91
"../../../Engine/Plugins/NNE/NNEDenoiser/Content/NNEDIM_HighQuality_Default.uexp" 92
"../../../Engine/Plugins/NNE/NNEDenoiser/Content/NNEDIM_HighQuality_Alpha.uasset" 93
"../../../Engine/Plugins/NNE/NNEDenoiser/Content/NNEDIM_HighQuality_Alpha.uexp" 94
"../../../Engine/Plugins/NNE/NNEDenoiser/Content/NNEDIM_ColorAlbedoNormal_Default.uasset" 95
"../../../Engine/Plugins/NNE/NNEDenoiser/Content/NNEDIM_ColorAlbedoNormal_Default.uexp" 96
"../../../Engine/Plugins/NNE/NNEDenoiser/Content/NNEDIM_ColorAlbedoNormal_Alpha.uasset" 97
"../../../Engine/Plugins/NNE/NNEDenoiser/Content/NNEDIM_ColorAlbedoNormal_Alpha.uexp" 98
"../../../Engine/Content/Functions/Engine_MaterialFunctions02/WorldPositionOffset/CameraOffset.uasset" 99
"../../../Engine/Content/Functions/Engine_MaterialFunctions02/WorldPositionOffset/CameraOffset.uexp" 100
"../../../Engine/Plugins/Animation/ControlRig/Content/M_Manip.uasset" 101
"../../../Engine/Plugins/Animation/ControlRig/Content/M_Manip.uexp" 102
"../../../Engine/Content/EditorMaterials/PreviewShadowIndicator.ubulk" 103
"../../../Engine/Content/EditorMaterials/PreviewShadowIndicator.uasset" 104
"../../../Engine/Content/EditorMaterials/PreviewShadowIndicator.uexp" 105
"../../../Engine/Content/EditorMaterials/PreviewShadowIndicatorMaterial.uasset" 106
"../../../Engine/Content/EditorMaterials/PreviewShadowIndicatorMaterial.uexp" 107
"../../../Engine/Content/EditorMaterials/PhAT_UnselectedMaterial.uasset" 108
"../../../Engine/Content/EditorMaterials/PhAT_UnselectedMaterial.uexp" 109
"../../../Engine/Content/EditorMaterials/PhAT_NoCollisionMaterial.uasset" 110
"../../../Engine/Content/EditorMaterials/PhAT_NoCollisionMaterial.uexp" 111
"../../../Engine/Content/EditorLandscapeResources/WhiteSquareTexture.uasset" 112
"../../../Engine/Content/EditorLandscapeResources/WhiteSquareTexture.uexp" 113
"../../../Engine/Content/EditorLandscapeResources/LayerVisMaterial.uasset" 114
"../../../Engine/Content/EditorLandscapeResources/LayerVisMaterial.uexp" 115
"../../../Engine/Content/Functions/Engine_MaterialFunctions02/Utility/BreakOutFloat2Components.uasset" 116
"../../../Engine/Content/Functions/Engine_MaterialFunctions02/Utility/BreakOutFloat2Components.uexp" 117
"../../../Engine/Content/Functions/Engine_MaterialFunctions01/Texturing/ScaleUVsByCenter.uasset" 118
"../../../Engine/Content/Functions/Engine_MaterialFunctions01/Texturing/ScaleUVsByCenter.uexp" 119
"../../../Engine/Content/Functions/Engine_MaterialFunctions02/WorldPositionOffset/LocalPosition.uasset" 120
"../../../Engine/Content/Functions/Engine_MaterialFunctions02/WorldPositionOffset/LocalPosition.uexp" 121
"../../../Engine/Content/EngineMaterials/DefaultDiffuse.ubulk" 122
"../../../Engine/Content/EngineMaterials/DefaultDiffuse.uasset" 123
"../../../Engine/Content/EngineMaterials/DefaultDiffuse.uexp" 124
"../../../Engine/Content/Functions/Engine_MaterialFunctions01/Texturing/TextureCropping.uasset" 125
"../../../Engine/Content/Functions/Engine_MaterialFunctions01/Texturing/TextureCropping.uexp" 126
"../../../Engine/Content/Functions/Engine_MaterialFunctions02/ExampleContent/DebugNumberStrip.uasset" 127
"../../../Engine/Content/Functions/Engine_MaterialFunctions02/ExampleContent/DebugNumberStrip.uexp" 128
"../../../Engine/Content/Functions/Engine_MaterialFunctions01/Debug/DebugIntValues.uasset" 129
"../../../Engine/Content/Functions/Engine_MaterialFunctions01/Debug/DebugIntValues.uexp" 130
"../../../Engine/Content/EditorLandscapeResources/LandscapeLayerUsageMaterial.uasset" 131
"../../../Engine/Content/EditorLandscapeResources/LandscapeLayerUsageMaterial.uexp" 132
"../../../Engine/Content/EditorLandscapeResources/DefaultAlphaTexture.uasset" 133
"../../../Engine/Content/EditorLandscapeResources/DefaultAlphaTexture.uexp" 134
"../../../Engine/Content/EditorLandscapeResources/LandscapeDirtyMaterial.uasset" 135
"../../../Engine/Content/EditorLandscapeResources/LandscapeDirtyMaterial.uexp" 136
"../../../Engine/Content/EngineResources/DefaultTexture.ubulk" 137
"../../../Engine/Content/EngineResources/DefaultTexture.uasset" 138
"../../../Engine/Content/EngineResources/DefaultTexture.uexp" 139
"../../../Engine/Content/EngineMaterials/RemoveSurfaceMaterial.uasset" 140
"../../../Engine/Content/EngineMaterials/RemoveSurfaceMaterial.uexp" 141
"../../../Engine/Content/EngineMaterials/PreintegratedSkinBRDF.uasset" 142
"../../../Engine/Content/EngineMaterials/PreintegratedSkinBRDF.uexp" 143
"../../../Engine/Content/EngineMaterials/DefaultCalibrationGrayscale.uasset" 144
"../../../Engine/Content/EngineMaterials/DefaultCalibrationGrayscale.uexp" 145
"../../../Engine/Content/EngineMaterials/PPM_DefaultCalibrationGrayscale.uasset" 146
"../../../Engine/Content/EngineMaterials/PPM_DefaultCalibrationGrayscale.uexp" 147
"../../../Engine/Content/EngineMaterials/DefaultCalibrationColor.uasset" 148
"../../../Engine/Content/EngineMaterials/DefaultCalibrationColor.uexp" 149
"../../../Engine/Content/EngineMaterials/PPM_DefaultCalibrationColor.uasset" 150
"../../../Engine/Content/EngineMaterials/PPM_DefaultCalibrationColor.uexp" 151
"../../../Engine/Content/EngineMaterials/PhAT_JointLimitMaterial.uasset" 152
"../../../Engine/Content/EngineMaterials/PhAT_JointLimitMaterial.uexp" 153
"../../../Engine/Content/EngineMaterials/NaniteHiddenSectionMaterial.uasset" 154
"../../../Engine/Content/EngineMaterials/NaniteHiddenSectionMaterial.uexp" 155
"../../../Engine/Content/EngineMaterials/InvalidLightmapSettings.ubulk" 156
"../../../Engine/Content/EngineMaterials/InvalidLightmapSettings.uasset" 157
"../../../Engine/Content/EngineMaterials/InvalidLightmapSettings.uexp" 158
"../../../Engine/Content/EngineMaterials/M_InvalidLightmapSettings.uasset" 159
"../../../Engine/Content/EngineMaterials/M_InvalidLightmapSettings.uexp" 160
"../../../Engine/Content/EngineMaterials/MiniFont.uasset" 161
"../../../Engine/Content/EngineMaterials/MiniFont.uexp" 162
"../../../Engine/Content/EngineMaterials/GizmoMaterial.uasset" 163
"../../../Engine/Content/EngineMaterials/GizmoMaterial.uexp" 164
"../../../Engine/Content/EngineMaterials/Black_1x1_EXR_Texture_VT.ubulk" 165
"../../../Engine/Content/EngineMaterials/Black_1x1_EXR_Texture_VT.uasset" 166
"../../../Engine/Content/EngineMaterials/Black_1x1_EXR_Texture_VT.uexp" 167
"../../../Engine/Content/EngineMaterials/BaseFlattenNormalMap_VT.ubulk" 168
"../../../Engine/Content/EngineMaterials/BaseFlattenNormalMap_VT.uasset" 169
"../../../Engine/Content/EngineMaterials/BaseFlattenNormalMap_VT.uexp" 170
"../../../Engine/Content/EngineMaterials/BaseFlattenLinearColor_VT.ubulk" 171
"../../../Engine/Content/EngineMaterials/BaseFlattenLinearColor_VT.uasset" 172
"../../../Engine/Content/EngineMaterials/BaseFlattenLinearColor_VT.uexp" 173
"../../../Engine/Content/EngineMaterials/BaseFlattenGrayscaleMap_VT.ubulk" 174
"../../../Engine/Content/EngineMaterials/BaseFlattenGrayscaleMap_VT.uasset" 175
"../../../Engine/Content/EngineMaterials/BaseFlattenGrayscaleMap_VT.uexp" 176
"../../../Engine/Content/EngineMaterials/BaseFlattenEmissiveMap_VT.ubulk" 177
"../../../Engine/Content/EngineMaterials/BaseFlattenEmissiveMap_VT.uasset" 178
"../../../Engine/Content/EngineMaterials/BaseFlattenEmissiveMap_VT.uexp" 179
"../../../Engine/Content/EngineMaterials/BaseFlattenDiffuseMap_VT.ubulk" 180
"../../../Engine/Content/EngineMaterials/BaseFlattenDiffuseMap_VT.uasset" 181
"../../../Engine/Content/EngineMaterials/BaseFlattenDiffuseMap_VT.uexp" 182
"../../../Engine/Content/EngineMaterials/FlattenMaterial_WS_Normal_VT.uasset" 183
"../../../Engine/Content/EngineMaterials/FlattenMaterial_WS_Normal_VT.uexp" 184
"../../../Engine/Content/EngineMaterials/FlattenMaterial_VT.uasset" 185
"../../../Engine/Content/EngineMaterials/FlattenMaterial_VT.uexp" 186
"../../../Engine/Content/EngineMaterials/BaseFlattenLinearColor.uasset" 187
"../../../Engine/Content/EngineMaterials/BaseFlattenLinearColor.uexp" 188
"../../../Engine/Content/EngineMaterials/BaseFlattenNormalMap.uasset" 189
"../../../Engine/Content/EngineMaterials/BaseFlattenNormalMap.uexp" 190
"../../../Engine/Content/EngineMaterials/BaseFlattenGrayscaleMap.uasset" 191
"../../../Engine/Content/EngineMaterials/BaseFlattenGrayscaleMap.uexp" 192
"../../../Engine/Content/EngineMaterials/BaseFlattenEmissiveMap.uasset" 193
"../../../Engine/Content/EngineMaterials/BaseFlattenEmissiveMap.uexp" 194
"../../../Engine/Content/EngineMaterials/BaseFlattenDiffuseMap.uasset" 195
"../../../Engine/Content/EngineMaterials/BaseFlattenDiffuseMap.uexp" 196
"../../../Engine/Content/Functions/Engine_MaterialFunctions02/PivotPainter2/Black_1x1_EXR_Texture.uasset" 197
"../../../Engine/Content/Functions/Engine_MaterialFunctions02/PivotPainter2/Black_1x1_EXR_Texture.uexp" 198
"../../../Engine/Content/EngineMaterials/FlattenMaterial.uasset" 199
"../../../Engine/Content/EngineMaterials/FlattenMaterial.uexp" 200
"../../../Engine/Content/EngineMaterials/FastBlueNoise_vec2_128x128x64.uasset" 201
"../../../Engine/Content/EngineMaterials/FastBlueNoise_vec2_128x128x64.uexp" 202
"../../../Engine/Content/EngineMaterials/FastBlueNoise_scalar_128x128x8.uasset" 203
"../../../Engine/Content/EngineMaterials/FastBlueNoise_scalar_128x128x8.uexp" 204
"../../../Engine/Content/EngineMaterials/FastBlueNoise_scalar_128x128x64.uasset" 205
"../../../Engine/Content/EngineMaterials/FastBlueNoise_scalar_128x128x64.uexp" 206
"../../../Engine/Content/EngineMaterials/DefaultWhiteGrid_Low.uasset" 207
"../../../Engine/Content/EngineMaterials/DefaultWhiteGrid_Low.uexp" 208
"../../../Engine/Content/EngineMaterials/EmissiveMeshMaterial.uasset" 209
"../../../Engine/Content/EngineMaterials/EmissiveMeshMaterial.uexp" 210
"../../../Engine/Content/EngineMaterials/DefaultWhiteGrid.ubulk" 211
"../../../Engine/Content/EngineMaterials/DefaultWhiteGrid.uasset" 212
"../../../Engine/Content/EngineMaterials/DefaultWhiteGrid.uexp" 213
"../../../Engine/Content/EngineFonts/RobotoDistanceField.uasset" 214
"../../../Engine/Content/EngineFonts/RobotoDistanceField.uexp" 215
"../../../Engine/Content/EngineMaterials/DefaultTextMaterialOpaque.uasset" 216
"../../../Engine/Content/EngineMaterials/DefaultTextMaterialOpaque.uexp" 217
"../../../Engine/Content/EngineMaterials/DefaultPostProcessMaterial.uasset" 218
"../../../Engine/Content/EngineMaterials/DefaultPostProcessMaterial.uexp" 219
"../../../Engine/Content/EngineMaterials/DefaultLightFunctionMaterial.uasset" 220
"../../../Engine/Content/EngineMaterials/DefaultLightFunctionMaterial.uexp" 221
"../../../Engine/Content/EngineMaterials/DefaultDeferredDecalMaterial.uasset" 222
"../../../Engine/Content/EngineMaterials/DefaultDeferredDecalMaterial.uexp" 223
"../../../Engine/Content/EngineMaterials/DefaultBokeh.uasset" 224
"../../../Engine/Content/EngineMaterials/DefaultBokeh.uexp" 225
"../../../Engine/Content/EngineMaterials/DefaultBloomKernel.uasset" 226
"../../../Engine/Content/EngineMaterials/DefaultBloomKernel.uexp" 227
"../../../Engine/Content/Functions/Engine_MaterialFunctions02/Utility/CameraDirectionVector.uasset" 228
"../../../Engine/Content/Functions/Engine_MaterialFunctions02/Utility/CameraDirectionVector.uexp" 229
"../../../Engine/Content/EngineDebugMaterials/VolumeToRender.uasset" 230
"../../../Engine/Content/EngineDebugMaterials/VolumeToRender.uexp" 231
"../../../Engine/Content/EngineDebugMaterials/M_VolumeRenderSphereTracePP.uasset" 232
"../../../Engine/Content/EngineDebugMaterials/M_VolumeRenderSphereTracePP.uexp" 233
"../../../Engine/Content/EngineDebugMaterials/M_SimpleUnlitTranslucent.uasset" 234
"../../../Engine/Content/EngineDebugMaterials/M_SimpleUnlitTranslucent.uexp" 235
"../../../Engine/Content/EngineDebugMaterials/DebugMeshMaterial.uasset" 236
"../../../Engine/Content/EngineDebugMaterials/DebugMeshMaterial.uexp" 237
"../../../Engine/Content/EngineDebugMaterials/DebugEditorMaterial.uasset" 238
"../../../Engine/Content/EngineDebugMaterials/DebugEditorMaterial.uexp" 239
"../../../Engine/Content/EngineDamageTypes/DmgTypeBP_Environmental.uasset" 240
"../../../Engine/Content/EngineDamageTypes/DmgTypeBP_Environmental.uexp" 241
"../../../Engine/Content/EditorResources/S_TriggerSphere.uasset" 242
"../../../Engine/Content/EditorResources/S_TriggerSphere.uexp" 243
"../../../Engine/Content/EditorResources/S_TriggerCapsule.uasset" 244
"../../../Engine/Content/EditorResources/S_TriggerCapsule.uexp" 245
"../../../Engine/Content/EditorResources/S_TriggerBox.uasset" 246
"../../../Engine/Content/EditorResources/S_TriggerBox.uexp" 247
"../../../Engine/Content/EditorResources/S_Trigger.ubulk" 248
"../../../Engine/Content/EditorResources/S_Trigger.uasset" 249
"../../../Engine/Content/EditorResources/S_Trigger.uexp" 250
"../../../Engine/Content/EditorResources/S_Terrain.ubulk" 251
"../../../Engine/Content/EditorResources/S_Terrain.uasset" 252
"../../../Engine/Content/EditorResources/S_Terrain.uexp" 253
"../../../Engine/Content/EditorResources/S_Solver.ubulk" 254
"../../../Engine/Content/EditorResources/S_Solver.uasset" 255
"../../../Engine/Content/EditorResources/S_Solver.uexp" 256
"../../../Engine/Content/EditorResources/S_BoxReflectionCapture.uasset" 257
"../../../Engine/Content/EditorResources/S_BoxReflectionCapture.uexp" 258
"../../../Engine/Content/EditorResources/BSPVertex.uasset" 259
"../../../Engine/Content/EditorResources/BSPVertex.uexp" 260
"../../../Engine/Content/EngineMaterials/T_Default_Material_Grid_M.ubulk" 261
"../../../Engine/Content/EngineMaterials/T_Default_Material_Grid_M.uasset" 262
"../../../Engine/Content/EngineMaterials/T_Default_Material_Grid_M.uexp" 263
"../../../Engine/Content/Functions/Engine_MaterialFunctions01/Opacity/CameraDepthFade.uasset" 264
"../../../Engine/Content/Functions/Engine_MaterialFunctions01/Opacity/CameraDepthFade.uexp" 265
"../../../Engine/Content/EngineMaterials/T_Default_Material_Grid_N.ubulk" 266
"../../../Engine/Content/EngineMaterials/T_Default_Material_Grid_N.uasset" 267
"../../../Engine/Content/EngineMaterials/T_Default_Material_Grid_N.uexp" 268
"../../../Engine/Content/EngineMaterials/WorldGridMaterial.uasset" 269
"../../../Engine/Content/EngineMaterials/WorldGridMaterial.uexp" 270
"../../../Engine/Content/BasicShapes/Cube.ubulk" 271
"../../../Engine/Content/BasicShapes/Cube.uasset" 272
"../../../Engine/Content/BasicShapes/Cube.uexp" 273
"../../../Engine/Content/EngineMaterials/DefaultMaterial.uasset" 274
"../../../Engine/Content/EngineMaterials/DefaultMaterial.uexp" 275
"../../../Engine/Content/BasicShapes/Cylinder.ubulk" 276
"../../../Engine/Content/BasicShapes/Cylinder.uasset" 277
"../../../Engine/Content/BasicShapes/Cylinder.uexp" 278
"../../../Engine/Content/BasicShapes/BasicShapeMaterial.uasset" 279
"../../../Engine/Content/BasicShapes/BasicShapeMaterial.uexp" 280
"C:/Unreal Projects/FeatureProject/Content/Blueprints/BP_Door.uasset" 281
"C:/Unreal Projects/FeatureProject/Content/Blueprints/BP_Door.uexp" 282
"C:/Unreal Projects/FeatureProject/Content/Blueprints/Materials/M_Button.uasset" 283
"C:/Unreal Projects/FeatureProject/Content/Blueprints/Materials/M_Button.uexp" 284
"C:/Unreal Projects/FeatureProject/Content/Blueprints/BP_Button.uasset" 285
"C:/Unreal Projects/FeatureProject/Content/Blueprints/BP_Button.uexp" 286
"C:/Unreal Projects/FeatureProject/Content/Blueprints/Clone/BTTask_MoveRight.uasset" 287
"C:/Unreal Projects/FeatureProject/Content/Blueprints/Clone/BTTask_MoveRight.uexp" 288
"C:/Unreal Projects/FeatureProject/Content/Blueprints/Clone/BTTask_MoveLeft.uasset" 289
"C:/Unreal Projects/FeatureProject/Content/Blueprints/Clone/BTTask_MoveLeft.uexp" 290
"C:/Unreal Projects/FeatureProject/Content/Blueprints/Clone/BTTask_MoveForward.uasset" 291
"C:/Unreal Projects/FeatureProject/Content/Blueprints/Clone/BTTask_MoveForward.uexp" 292
"C:/Unreal Projects/FeatureProject/Content/Blueprints/Clone/BTTask_MoveBackward.uasset" 293
"C:/Unreal Projects/FeatureProject/Content/Blueprints/Clone/BTTask_MoveBackward.uexp" 294
"C:/Unreal Projects/FeatureProject/Content/Blueprints/Clone/BB_CloneBlackboard.uasset" 295
"C:/Unreal Projects/FeatureProject/Content/Blueprints/Clone/BB_CloneBlackboard.uexp" 296
"C:/Unreal Projects/FeatureProject/Content/Blueprints/Clone/BTTask_SpawnMove.uasset" 297
"C:/Unreal Projects/FeatureProject/Content/Blueprints/Clone/BTTask_SpawnMove.uexp" 298
"C:/Unreal Projects/FeatureProject/Content/Blueprints/Clone/BT_CloneBehavior.uasset" 299
"C:/Unreal Projects/FeatureProject/Content/Blueprints/Clone/BT_CloneBehavior.uexp" 300
"C:/Unreal Projects/FeatureProject/Content/Blueprints/Clone/BP_CloneController.uasset" 301
"C:/Unreal Projects/FeatureProject/Content/Blueprints/Clone/BP_CloneController.uexp" 302
"../../../Engine/Content/Tutorial/SubEditors/TutorialAssets/Character/TutorialTPP_Skeleton.uasset" 303
"../../../Engine/Content/Tutorial/SubEditors/TutorialAssets/Character/TutorialTPP_Skeleton.uexp" 304
"../../../Engine/Content/Tutorial/SubEditors/TutorialAssets/Character/TutorialTPP_PhysicsAsset.uasset" 305
"../../../Engine/Content/Tutorial/SubEditors/TutorialAssets/Character/TutorialTPP_PhysicsAsset.uexp" 306
"../../../Engine/Content/Tutorial/SubEditors/TutorialAssets/Character/TutorialTPP_Mat.uasset" 307
"../../../Engine/Content/Tutorial/SubEditors/TutorialAssets/Character/TutorialTPP_Mat.uexp" 308
"../../../Engine/Content/Tutorial/SubEditors/TutorialAssets/Character/TutorialTPP.uasset" 309
"../../../Engine/Content/Tutorial/SubEditors/TutorialAssets/Character/TutorialTPP.uexp" 310
"C:/Unreal Projects/FeatureProject/Content/Blueprints/Clone/BP_Clone.uasset" 311
"C:/Unreal Projects/FeatureProject/Content/Blueprints/Clone/BP_Clone.uexp" 312
"C:/Unreal Projects/FeatureProject/Content/Blueprints/Player_Controls/IA_MoveRight.uasset" 313
"C:/Unreal Projects/FeatureProject/Content/Blueprints/Player_Controls/IA_MoveRight.uexp" 314
"C:/Unreal Projects/FeatureProject/Content/Blueprints/Player_Controls/IA_MoveLeft.uasset" 315
"C:/Unreal Projects/FeatureProject/Content/Blueprints/Player_Controls/IA_MoveLeft.uexp" 316
"C:/Unreal Projects/FeatureProject/Content/Blueprints/Player_Controls/IA_MoveForward.uasset" 317
"C:/Unreal Projects/FeatureProject/Content/Blueprints/Player_Controls/IA_MoveForward.uexp" 318
"C:/Unreal Projects/FeatureProject/Content/Blueprints/Player_Controls/IA_MoveBackward.uasset" 319
"C:/Unreal Projects/FeatureProject/Content/Blueprints/Player_Controls/IA_MoveBackward.uexp" 320
"C:/Unreal Projects/FeatureProject/Content/Blueprints/Player_Controls/IA_Look.uasset" 321
"C:/Unreal Projects/FeatureProject/Content/Blueprints/Player_Controls/IA_Look.uexp" 322
"C:/Unreal Projects/FeatureProject/Content/Blueprints/Player_Controls/IA_Jump.uasset" 323
"C:/Unreal Projects/FeatureProject/Content/Blueprints/Player_Controls/IA_Jump.uexp" 324
"C:/Unreal Projects/FeatureProject/Content/Blueprints/Player_Controls/IA_DeactivateMovement.uasset" 325
"C:/Unreal Projects/FeatureProject/Content/Blueprints/Player_Controls/IA_DeactivateMovement.uexp" 326
"C:/Unreal Projects/FeatureProject/Content/Blueprints/Player_Controls/IA_ActivateMovement.uasset" 327
"C:/Unreal Projects/FeatureProject/Content/Blueprints/Player_Controls/IA_ActivateMovement.uexp" 328
"C:/Unreal Projects/FeatureProject/Content/Blueprints/Player_Controls/IA_DropCrate.uasset" 329
"C:/Unreal Projects/FeatureProject/Content/Blueprints/Player_Controls/IA_DropCrate.uexp" 330
"C:/Unreal Projects/FeatureProject/Content/Blueprints/Player_Controls/IMC_PlayerControls.uasset" 331
"C:/Unreal Projects/FeatureProject/Content/Blueprints/Player_Controls/IMC_PlayerControls.uexp" 332
"C:/Unreal Projects/FeatureProject/Content/Blueprints/Player_Controls/BP_PlayerController.uasset" 333
"C:/Unreal Projects/FeatureProject/Content/Blueprints/Player_Controls/BP_PlayerController.uexp" 334
"C:/Unreal Projects/FeatureProject/Content/Blueprints/BP_Crate.uasset" 335
"C:/Unreal Projects/FeatureProject/Content/Blueprints/BP_Crate.uexp" 336
"C:/Unreal Projects/FeatureProject/Content/Blueprints/BP_Player.uasset" 337
"C:/Unreal Projects/FeatureProject/Content/Blueprints/BP_Player.uexp" 338
"C:/Unreal Projects/FeatureProject/Content/Blueprints/BP_Gamemode.uasset" 339
"C:/Unreal Projects/FeatureProject/Content/Blueprints/BP_Gamemode.uexp" 340
"C:/Unreal Projects/FeatureProject/Content/Blueprints/BP_GameInstance.uasset" 341
"C:/Unreal Projects/FeatureProject/Content/Blueprints/BP_GameInstance.uexp" 342
"../../../Engine/Plugins/VirtualProduction/CameraCalibrationCore/Content/Materials/M_DefaultOddSquare.uasset" 343
"../../../Engine/Plugins/VirtualProduction/CameraCalibrationCore/Content/Materials/M_DefaultOddSquare.uexp" 344
"../../../Engine/Plugins/VirtualProduction/CameraCalibrationCore/Content/Materials/M_DefaultEvenSquare.uasset" 345
"../../../Engine/Plugins/VirtualProduction/CameraCalibrationCore/Content/Materials/M_DefaultEvenSquare.uexp" 346
"../../../Engine/Plugins/Runtime/HairStrands/Content/Materials/HairMeshesDefaultMaterial.uasset" 347
"../../../Engine/Plugins/Runtime/HairStrands/Content/Materials/HairMeshesDefaultMaterial.uexp" 348
"../../../Engine/Plugins/Runtime/HairStrands/Content/Materials/HairDefaultMaterial.uasset" 349
"../../../Engine/Plugins/Runtime/HairStrands/Content/Materials/HairDefaultMaterial.uexp" 350
"../../../Engine/Content/Functions/Engine_MaterialFunctions02/Utility/MakeFloat2.uasset" 351
"../../../Engine/Content/Functions/Engine_MaterialFunctions02/Utility/MakeFloat2.uexp" 352
"../../../Engine/Content/Functions/Engine_MaterialFunctions02/Utility/MakeFloat3.uasset" 353
"../../../Engine/Content/Functions/Engine_MaterialFunctions02/Utility/MakeFloat3.uexp" 354
"../../../Engine/Plugins/Runtime/HairStrands/Content/Materials/HairGroupColors.uasset" 355
"../../../Engine/Plugins/Runtime/HairStrands/Content/Materials/HairGroupColors.uexp" 356
"../../../Engine/Content/EngineMaterials/HairColorMap.uasset" 357
"../../../Engine/Content/EngineMaterials/HairColorMap.uexp" 358
"../../../Engine/Content/EngineMaterials/HairDebugColor.uasset" 359
"../../../Engine/Content/EngineMaterials/HairDebugColor.uexp" 360
"../../../Engine/Plugins/Runtime/HairStrands/Content/Materials/HairDebugMaterial.uasset" 361
"../../../Engine/Plugins/Runtime/HairStrands/Content/Materials/HairDebugMaterial.uexp" 362
"../../../Engine/Plugins/Runtime/HairStrands/Content/Materials/HairCardsDefaultMaterial.uasset" 363
"../../../Engine/Plugins/Runtime/HairStrands/Content/Materials/HairCardsDefaultMaterial.uexp" 364
"../../../Engine/Plugins/Runtime/AudioWidgets/Content/Resources/ScrubHandleDown_Clamped.uasset" 365
"../../../Engine/Plugins/Runtime/AudioWidgets/Content/Resources/ScrubHandleDown_Clamped.uexp" 366
"../../../Engine/Plugins/Interchange/Assets/Content/Functions/MX_UsdPreviewSurface.uasset" 367
"../../../Engine/Plugins/Interchange/Assets/Content/Functions/MX_UsdPreviewSurface.uexp" 368
"../../../Engine/Plugins/Interchange/Assets/Content/Functions/MX_UniformEDF.uasset" 369
"../../../Engine/Plugins/Interchange/Assets/Content/Functions/MX_UniformEDF.uexp" 370
"../../../Engine/Plugins/Interchange/Assets/Content/Functions/MX_TranslucentBSDF.uasset" 371
"../../../Engine/Plugins/Interchange/Assets/Content/Functions/MX_TranslucentBSDF.uexp" 372
"../../../Engine/Plugins/Interchange/Assets/Content/Functions/MX_ThinFilmBSDF.uasset" 373
"../../../Engine/Plugins/Interchange/Assets/Content/Functions/MX_ThinFilmBSDF.uexp" 374
"../../../Engine/Plugins/Interchange/Assets/Content/Functions/MX_SurfaceUnlit.uasset" 375
"../../../Engine/Plugins/Interchange/Assets/Content/Functions/MX_SurfaceUnlit.uexp" 376
"../../../Engine/Plugins/Interchange/Assets/Content/Functions/MX_Surface.uasset" 377
"../../../Engine/Plugins/Interchange/Assets/Content/Functions/MX_Surface.uexp" 378
"../../../Engine/Plugins/Interchange/Assets/Content/Functions/MX_SubsurfaceBSDF.uasset" 379
"../../../Engine/Plugins/Interchange/Assets/Content/Functions/MX_SubsurfaceBSDF.uexp" 380
"../../../Engine/Plugins/Interchange/Assets/Content/Functions/MX_SheenBSDF.uasset" 381
"../../../Engine/Plugins/Interchange/Assets/Content/Functions/MX_SheenBSDF.uexp" 382
"../../../Engine/Plugins/Interchange/Assets/Content/Functions/MX_OrenNayarBSDF.uasset" 383
"../../../Engine/Plugins/Interchange/Assets/Content/Functions/MX_OrenNayarBSDF.uexp" 384
"../../../Engine/Plugins/Interchange/Assets/Content/Functions/MF_IridescenceNoLUT.uasset" 385
"../../../Engine/Plugins/Interchange/Assets/Content/Functions/MF_IridescenceNoLUT.uexp" 386
"../../../Engine/Plugins/Interchange/Assets/Content/Functions/MX_StandardSurface.uasset" 387
"../../../Engine/Plugins/Interchange/Assets/Content/Functions/MX_StandardSurface.uexp" 388
"../../../Engine/Plugins/Interchange/Assets/Content/Functions/MX_TransmissionSurface.uasset" 389
"../../../Engine/Plugins/Interchange/Assets/Content/Functions/MX_TransmissionSurface.uexp" 390
"../../../Engine/Plugins/Interchange/Assets/Content/Functions/MX_OpenPBR_Translucent.uasset" 391
"../../../Engine/Plugins/Interchange/Assets/Content/Functions/MX_OpenPBR_Translucent.uexp" 392
"../../../Engine/Plugins/Interchange/Assets/Content/Functions/MX_OpenPBR_Opaque.uasset" 393
"../../../Engine/Plugins/Interchange/Assets/Content/Functions/MX_OpenPBR_Opaque.uexp" 394
"../../../Engine/Plugins/Interchange/Assets/Content/Functions/MX_MeasuredEDF.uasset" 395
"../../../Engine/Plugins/Interchange/Assets/Content/Functions/MX_MeasuredEDF.uexp" 396
"../../../Engine/Plugins/Interchange/Assets/Content/Functions/MX_GeneralizedSchlickBSDF.uasset" 397
"../../../Engine/Plugins/Interchange/Assets/Content/Functions/MX_GeneralizedSchlickBSDF.uexp" 398
"../../../Engine/Plugins/Interchange/Assets/Content/Functions/MX_Displacement.uasset" 399
"../../../Engine/Plugins/Interchange/Assets/Content/Functions/MX_Displacement.uexp" 400
"../../../Engine/Plugins/Interchange/Assets/Content/Functions/MX_DielectricBSDF.uasset" 401
"../../../Engine/Plugins/Interchange/Assets/Content/Functions/MX_DielectricBSDF.uexp" 402
"../../../Engine/Plugins/Interchange/Assets/Content/Functions/MX_ConicalEDF.uasset" 403
"../../../Engine/Plugins/Interchange/Assets/Content/Functions/MX_ConicalEDF.uexp" 404
"../../../Engine/Plugins/Interchange/Assets/Content/Functions/MX_ConductorBSDF.uasset" 405
"../../../Engine/Plugins/Interchange/Assets/Content/Functions/MX_ConductorBSDF.uexp" 406
"../../../Engine/Plugins/Interchange/Assets/Content/Functions/MX_BurleyDiffuseBSDF.uasset" 407
"../../../Engine/Plugins/Interchange/Assets/Content/Functions/MX_BurleyDiffuseBSDF.uexp" 408
"../../../Engine/Plugins/Interchange/Assets/Content/Functions/MX_AnisotropicVDF.uasset" 409
"../../../Engine/Plugins/Interchange/Assets/Content/Functions/MX_AnisotropicVDF.uexp" 410
"../../../Engine/Plugins/Interchange/Assets/Content/Functions/MX_AbsorptionVDF.uasset" 411
"../../../Engine/Plugins/Interchange/Assets/Content/Functions/MX_AbsorptionVDF.uexp" 412
"../../../Engine/Content/Functions/Engine_MaterialFunctions02/Utility/BreakOutFloat3Components.uasset" 413
"../../../Engine/Content/Functions/Engine_MaterialFunctions02/Utility/BreakOutFloat3Components.uexp" 414
"../../../Engine/Content/Functions/Engine_MaterialFunctions02/Utility/VectorLength.uasset" 415
"../../../Engine/Content/Functions/Engine_MaterialFunctions02/Utility/VectorLength.uexp" 416
"../../../Engine/Content/Functions/Engine_MaterialFunctions02/WorldPositionOffset/ObjectScale.uasset" 417
"../../../Engine/Content/Functions/Engine_MaterialFunctions02/WorldPositionOffset/ObjectScale.uexp" 418
"../../../Engine/Content/Functions/Engine_MaterialFunctions02/SafeNormalize.uasset" 419
"../../../Engine/Content/Functions/Engine_MaterialFunctions02/SafeNormalize.uexp" 420
"../../../Engine/Plugins/Editor/SpeedTreeImporter/Content/SpeedTree9/UnpackInteger3.uasset" 421
"../../../Engine/Plugins/Editor/SpeedTreeImporter/Content/SpeedTree9/UnpackInteger3.uexp" 422
"../../../Engine/Plugins/Editor/SpeedTreeImporter/Content/SpeedTree9/UnpackDirection.uasset" 423
"../../../Engine/Plugins/Editor/SpeedTreeImporter/Content/SpeedTree9/UnpackDirection.uexp" 424
"../../../Engine/Plugins/Editor/SpeedTreeImporter/Content/SpeedTree9/game_wind_noise.ubulk" 425
"../../../Engine/Plugins/Editor/SpeedTreeImporter/Content/SpeedTree9/game_wind_noise.uasset" 426
"../../../Engine/Plugins/Editor/SpeedTreeImporter/Content/SpeedTree9/game_wind_noise.uexp" 427
"../../../Engine/Plugins/Editor/SpeedTreeImporter/Content/SpeedTree9/SpeedTreeWindMotion.uasset" 428
"../../../Engine/Plugins/Editor/SpeedTreeImporter/Content/SpeedTree9/SpeedTreeWindMotion.uexp" 429
"../../../Engine/Plugins/Editor/SpeedTreeImporter/Content/SpeedTree9/SpeedTreeBranchMotion.uasset" 430
"../../../Engine/Plugins/Editor/SpeedTreeImporter/Content/SpeedTree9/SpeedTreeBranchMotion.uexp" 431
"../../../Engine/Content/Functions/Engine_MaterialFunctions02/ObjectLocalBounds.uasset" 432
"../../../Engine/Content/Functions/Engine_MaterialFunctions02/ObjectLocalBounds.uexp" 433
"../../../Engine/Content/Functions/Engine_MaterialFunctions02/UVs/BoundingBoxBased_0-1_UVW.uasset" 434
"../../../Engine/Content/Functions/Engine_MaterialFunctions02/UVs/BoundingBoxBased_0-1_UVW.uexp" 435
"../../../Engine/Plugins/Editor/SpeedTreeImporter/Content/SpeedTree9/SpeedTreeWind.uasset" 436
"../../../Engine/Plugins/Editor/SpeedTreeImporter/Content/SpeedTree9/SpeedTreeWind.uexp" 437
"../../../Engine/Plugins/Editor/SpeedTreeImporter/Content/SpeedTree9/SpeedTreeCameraFacing.uasset" 438
"../../../Engine/Plugins/Editor/SpeedTreeImporter/Content/SpeedTree9/SpeedTreeCameraFacing.uexp" 439
"../../../Engine/Plugins/Editor/SpeedTreeImporter/Content/SpeedTree9/EmptyNormal.uasset" 440
"../../../Engine/Plugins/Editor/SpeedTreeImporter/Content/SpeedTree9/EmptyNormal.uexp" 441
"../../../Engine/Plugins/Editor/SpeedTreeImporter/Content/SpeedTree9/Empty.uasset" 442
"../../../Engine/Plugins/Editor/SpeedTreeImporter/Content/SpeedTree9/Empty.uexp" 443
"../../../Engine/Plugins/Editor/SpeedTreeImporter/Content/SpeedTree9/SpeedTreeMaster.uasset" 444
"../../../Engine/Plugins/Editor/SpeedTreeImporter/Content/SpeedTree9/SpeedTreeMaster.uexp" 445
"../../../Engine/Plugins/Editor/SpeedTreeImporter/Content/SpeedTree9/SpeedTreeBillboard.uasset" 446
"../../../Engine/Plugins/Editor/SpeedTreeImporter/Content/SpeedTree9/SpeedTreeBillboard.uexp" 447
"../../../Engine/Plugins/Editor/SpeedTreeImporter/Content/SpeedTree9/SpeedTreeBillboardMaster.uasset" 448
"../../../Engine/Plugins/Editor/SpeedTreeImporter/Content/SpeedTree9/SpeedTreeBillboardMaster.uexp" 449
"../../../Engine/Plugins/Animation/ControlRig/Content/Controls/ControlRigXRayMaterial.uasset" 450
"../../../Engine/Plugins/Animation/ControlRig/Content/Controls/ControlRigXRayMaterial.uexp" 451
"../../../Engine/Plugins/Animation/ControlRig/Content/Controls/ControlRigGizmoMaterial.uasset" 452
"../../../Engine/Plugins/Animation/ControlRig/Content/Controls/ControlRigGizmoMaterial.uexp" 453
"../../../Engine/Content/EditorMaterials/ParticleSystems/PSysThumbnail_OOD.ubulk" 454
"../../../Engine/Content/EditorMaterials/ParticleSystems/PSysThumbnail_OOD.uasset" 455
"../../../Engine/Content/EditorMaterials/ParticleSystems/PSysThumbnail_OOD.uexp" 456
"../../../Engine/Content/EditorMaterials/ParticleSystems/PSysThumbnail_NoImage.ubulk" 457
"../../../Engine/Content/EditorMaterials/ParticleSystems/PSysThumbnail_NoImage.uasset" 458
"../../../Engine/Content/EditorMaterials/ParticleSystems/PSysThumbnail_NoImage.uexp" 459
"../../../Engine/Content/EditorMaterials/Dataflow/DataflowVertexMaterial.uasset" 460
"../../../Engine/Content/EditorMaterials/Dataflow/DataflowVertexMaterial.uexp" 461
"../../../Engine/Content/EditorMaterials/Dataflow/DataflowTwoSidedVertexMaterial.uasset" 462
"../../../Engine/Content/EditorMaterials/Dataflow/DataflowTwoSidedVertexMaterial.uexp" 463
"../../../Engine/Content/EngineResources/FilmGrains/Marcie_Grain_v3_128_M2_000.uasset" 464
"../../../Engine/Content/EngineResources/FilmGrains/Marcie_Grain_v3_128_M2_000.uexp" 465
"../../../Engine/Content/EngineResources/Development/ZenLogo_64.uasset" 466
"../../../Engine/Content/EngineResources/Development/ZenLogo_64.uexp" 467
"../../../Engine/Content/EngineMaterials/LTC/Sheen_LTC.uasset" 468
"../../../Engine/Content/EngineMaterials/LTC/Sheen_LTC.uexp" 469
"../../../Engine/Content/EngineMaterials/LTC/GGX_LTCMat.uasset" 470
"../../../Engine/Content/EngineMaterials/LTC/GGX_LTCMat.uexp" 471
"../../../Engine/Content/EngineMaterials/LTC/GGX_LTCAmp.uasset" 472
"../../../Engine/Content/EngineMaterials/LTC/GGX_LTCAmp.uexp" 473
"../../../Engine/Content/EngineMaterials/EnergyConservation/Sheen_Energy.uasset" 474
"../../../Engine/Content/EngineMaterials/EnergyConservation/Sheen_Energy.uexp" 475
"../../../Engine/Content/EngineMaterials/EnergyConservation/SheenLegacy_Energy.uasset" 476
"../../../Engine/Content/EngineMaterials/EnergyConservation/SheenLegacy_Energy.uexp" 477
"../../../Engine/Content/EngineMaterials/EnergyConservation/GGX_TransmissionEnergyArray.uasset" 478
"../../../Engine/Content/EngineMaterials/EnergyConservation/GGX_TransmissionEnergyArray.uexp" 479
"../../../Engine/Content/EngineMaterials/EnergyConservation/GGX_ReflectionEnergy.uasset" 480
"../../../Engine/Content/EngineMaterials/EnergyConservation/GGX_ReflectionEnergy.uexp" 481
"../../../Engine/Content/EngineMaterials/EnergyConservation/Diffuse_Energy.uasset" 482
"../../../Engine/Content/EngineMaterials/EnergyConservation/Diffuse_Energy.uexp" 483
"../../../Engine/Content/EditorResources/SequenceRecorder/RecordingIndicator.uasset" 484
"../../../Engine/Content/EditorResources/SequenceRecorder/RecordingIndicator.uexp" 485
"../../../Engine/Content/EditorResources/SequenceRecorder/Countdown.uasset" 486
"../../../Engine/Content/EditorResources/SequenceRecorder/Countdown.uexp" 487
"../../../Engine/Content/Functions/Engine_MaterialFunctions01/Shading/PowerToRoughness.uasset" 488
"../../../Engine/Content/Functions/Engine_MaterialFunctions01/Shading/PowerToRoughness.uexp" 489
"../../../Engine/Content/Functions/Engine_MaterialFunctions01/Shading/ConvertFromDiffSpec.uasset" 490
"../../../Engine/Content/Functions/Engine_MaterialFunctions01/Shading/ConvertFromDiffSpec.uexp" 491
"../../../Engine/Content/ArtTools/RenderToTexture/Meshes/S_1_Unit_Plane.ubulk" 492
"../../../Engine/Content/ArtTools/RenderToTexture/Meshes/S_1_Unit_Plane.uasset" 493
"../../../Engine/Content/ArtTools/RenderToTexture/Meshes/S_1_Unit_Plane.uexp" 494
"../../../Engine/Content/EngineMaterials/Substrate/GLints/AGlintTex2dArray.uasset" 495
"../../../Engine/Content/EngineMaterials/Substrate/GLints/AGlintTex2dArray.uexp" 496
"../../../Engine/Content/EngineMaterials/Substrate/Glints2/AGlintTex2dArray2.uasset" 497
"../../../Engine/Content/EngineMaterials/Substrate/Glints2/AGlintTex2dArray2.uexp" 498
"../../../Engine/Content/VREditor/LaserPointer/VR_LaserPower_01.ubulk" 499
"../../../Engine/Content/VREditor/LaserPointer/VR_LaserPower_01.uasset" 500
"../../../Engine/Content/VREditor/LaserPointer/VR_LaserPower_01.uexp" 501
"../../../Engine/Content/VREditor/TransformGizmo/TransformGizmoMaterial.uasset" 502
"../../../Engine/Content/VREditor/TransformGizmo/TransformGizmoMaterial.uexp" 503
"../../../Engine/Content/VREditor/TransformGizmo/TranslucentTransformGizmoMaterial.uasset" 504
"../../../Engine/Content/VREditor/TransformGizmo/TranslucentTransformGizmoMaterial.uexp" 505
"../../../Engine/Content/VREditor/TransformGizmo/BoundingBoxCorner.ubulk" 506
"../../../Engine/Content/VREditor/TransformGizmo/BoundingBoxCorner.uasset" 507
"../../../Engine/Content/VREditor/TransformGizmo/BoundingBoxCorner.uexp" 508
"../../../Engine/Content/VREditor/TransformGizmo/BoundingBoxEdge.ubulk" 509
"../../../Engine/Content/VREditor/TransformGizmo/BoundingBoxEdge.uasset" 510
"../../../Engine/Content/VREditor/TransformGizmo/BoundingBoxEdge.uexp" 511
"../../../Engine/Content/VREditor/TransformGizmo/Xray.uasset" 512
"../../../Engine/Content/VREditor/TransformGizmo/Xray.uexp" 513
"../../../Engine/Content/VREditor/TransformGizmo/Main.uasset" 514
"../../../Engine/Content/VREditor/TransformGizmo/Main.uexp" 515
"../../../Engine/Content/VREditor/TransformGizmo/SM_Sequencer_Node.ubulk" 516
"../../../Engine/Content/VREditor/TransformGizmo/SM_Sequencer_Node.uasset" 517
"../../../Engine/Content/VREditor/TransformGizmo/SM_Sequencer_Node.uexp" 518
"../../../Engine/Content/EditorMaterials/Camera/CineMat.uasset" 519
"../../../Engine/Content/EditorMaterials/Camera/CineMat.uexp" 520
"../../../Engine/Content/EditorMaterials/Camera/MI_CineMat_Rig.uasset" 521
"../../../Engine/Content/EditorMaterials/Camera/MI_CineMat_Rig.uexp" 522
"../../../Engine/Content/EditorMeshes/Camera/SM_CraneRig_Arm.ubulk" 523
"../../../Engine/Content/EditorMeshes/Camera/SM_CraneRig_Arm.uasset" 524
"../../../Engine/Content/EditorMeshes/Camera/SM_CraneRig_Arm.uexp" 525
"../../../Engine/Content/EditorMeshes/Camera/SM_CraneRig_Base.ubulk" 526
"../../../Engine/Content/EditorMeshes/Camera/SM_CraneRig_Base.uasset" 527
"../../../Engine/Content/EditorMeshes/Camera/SM_CraneRig_Base.uexp" 528
"../../../Engine/Content/EditorMeshes/Camera/SM_CraneRig_Body.ubulk" 529
"../../../Engine/Content/EditorMeshes/Camera/SM_CraneRig_Body.uasset" 530
"../../../Engine/Content/EditorMeshes/Camera/SM_CraneRig_Body.uexp" 531
"../../../Engine/Content/EditorMeshes/Camera/SM_CraneRig_Mount.ubulk" 532
"../../../Engine/Content/EditorMeshes/Camera/SM_CraneRig_Mount.uasset" 533
"../../../Engine/Content/EditorMeshes/Camera/SM_CraneRig_Mount.uexp" 534
"../../../Engine/Content/EditorMeshes/Camera/SM_RailRig_Mount.ubulk" 535
"../../../Engine/Content/EditorMeshes/Camera/SM_RailRig_Mount.uasset" 536
"../../../Engine/Content/EditorMeshes/Camera/SM_RailRig_Mount.uexp" 537
"../../../Engine/Content/EditorMeshes/Camera/SM_RailRig_Track.ubulk" 538
"../../../Engine/Content/EditorMeshes/Camera/SM_RailRig_Track.uasset" 539
"../../../Engine/Content/EditorMeshes/Camera/SM_RailRig_Track.uexp" 540
"../../../Engine/Plugins/Animation/ControlRig/Content/Controls/ControlRig_Arrow2_1mm.ubulk" 541
"../../../Engine/Plugins/Animation/ControlRig/Content/Controls/ControlRig_Arrow2_1mm.uasset" 542
"../../../Engine/Plugins/Animation/ControlRig/Content/Controls/ControlRig_Arrow2_1mm.uexp" 543
"../../../Engine/Plugins/Animation/ControlRig/Content/Controls/ControlRig_Arrow2_3mm.ubulk" 544
"../../../Engine/Plugins/Animation/ControlRig/Content/Controls/ControlRig_Arrow2_3mm.uasset" 545
"../../../Engine/Plugins/Animation/ControlRig/Content/Controls/ControlRig_Arrow2_3mm.uexp" 546
"../../../Engine/Plugins/Animation/ControlRig/Content/Controls/ControlRig_Arrow2_solid.ubulk" 547
"../../../Engine/Plugins/Animation/ControlRig/Content/Controls/ControlRig_Arrow2_solid.uasset" 548
"../../../Engine/Plugins/Animation/ControlRig/Content/Controls/ControlRig_Arrow2_solid.uexp" 549
"../../../Engine/Plugins/Animation/ControlRig/Content/Controls/ControlRig_Arrow4_1mm.ubulk" 550
"../../../Engine/Plugins/Animation/ControlRig/Content/Controls/ControlRig_Arrow4_1mm.uasset" 551
"../../../Engine/Plugins/Animation/ControlRig/Content/Controls/ControlRig_Arrow4_1mm.uexp" 552
"../../../Engine/Plugins/Animation/ControlRig/Content/Controls/ControlRig_Arrow4_3mm.ubulk" 553
"../../../Engine/Plugins/Animation/ControlRig/Content/Controls/ControlRig_Arrow4_3mm.uasset" 554
"../../../Engine/Plugins/Animation/ControlRig/Content/Controls/ControlRig_Arrow4_3mm.uexp" 555
"../../../Engine/Plugins/Animation/ControlRig/Content/Controls/ControlRig_Arrow4_solid.ubulk" 556
"../../../Engine/Plugins/Animation/ControlRig/Content/Controls/ControlRig_Arrow4_solid.uasset" 557
"../../../Engine/Plugins/Animation/ControlRig/Content/Controls/ControlRig_Arrow4_solid.uexp" 558
"../../../Engine/Plugins/Animation/ControlRig/Content/Controls/ControlRig_Arrow_1mm.ubulk" 559
"../../../Engine/Plugins/Animation/ControlRig/Content/Controls/ControlRig_Arrow_1mm.uasset" 560
"../../../Engine/Plugins/Animation/ControlRig/Content/Controls/ControlRig_Arrow_1mm.uexp" 561
"../../../Engine/Plugins/Animation/ControlRig/Content/Controls/ControlRig_Arrow_3mm.ubulk" 562
"../../../Engine/Plugins/Animation/ControlRig/Content/Controls/ControlRig_Arrow_3mm.uasset" 563
"../../../Engine/Plugins/Animation/ControlRig/Content/Controls/ControlRig_Arrow_3mm.uexp" 564
"../../../Engine/Plugins/Animation/ControlRig/Content/Controls/ControlRig_Arrow_solid.ubulk" 565
"../../../Engine/Plugins/Animation/ControlRig/Content/Controls/ControlRig_Arrow_solid.uasset" 566
"../../../Engine/Plugins/Animation/ControlRig/Content/Controls/ControlRig_Arrow_solid.uexp" 567
"../../../Engine/Plugins/Animation/ControlRig/Content/Controls/ControlRig_Box_1mm.ubulk" 568
"../../../Engine/Plugins/Animation/ControlRig/Content/Controls/ControlRig_Box_1mm.uasset" 569
"../../../Engine/Plugins/Animation/ControlRig/Content/Controls/ControlRig_Box_1mm.uexp" 570
"../../../Engine/Plugins/Animation/ControlRig/Content/Controls/ControlRig_Box_3mm.ubulk" 571
"../../../Engine/Plugins/Animation/ControlRig/Content/Controls/ControlRig_Box_3mm.uasset" 572
"../../../Engine/Plugins/Animation/ControlRig/Content/Controls/ControlRig_Box_3mm.uexp" 573
"../../../Engine/Plugins/Animation/ControlRig/Content/Controls/ControlRig_Box_solid.ubulk" 574
"../../../Engine/Plugins/Animation/ControlRig/Content/Controls/ControlRig_Box_solid.uasset" 575
"../../../Engine/Plugins/Animation/ControlRig/Content/Controls/ControlRig_Box_solid.uexp" 576
"../../../Engine/Plugins/Animation/ControlRig/Content/Controls/ControlRig_Circle_1mm.ubulk" 577
"../../../Engine/Plugins/Animation/ControlRig/Content/Controls/ControlRig_Circle_1mm.uasset" 578
"../../../Engine/Plugins/Animation/ControlRig/Content/Controls/ControlRig_Circle_1mm.uexp" 579
"../../../Engine/Plugins/Animation/ControlRig/Content/Controls/ControlRig_Circle_3mm.ubulk" 580
"../../../Engine/Plugins/Animation/ControlRig/Content/Controls/ControlRig_Circle_3mm.uasset" 581
"../../../Engine/Plugins/Animation/ControlRig/Content/Controls/ControlRig_Circle_3mm.uexp" 582
"../../../Engine/Plugins/Animation/ControlRig/Content/Controls/ControlRig_Circle_solid.ubulk" 583
"../../../Engine/Plugins/Animation/ControlRig/Content/Controls/ControlRig_Circle_solid.uasset" 584
"../../../Engine/Plugins/Animation/ControlRig/Content/Controls/ControlRig_Circle_solid.uexp" 585
"../../../Engine/Plugins/Animation/ControlRig/Content/Controls/ControlRig_Diamond_1mm.ubulk" 586
"../../../Engine/Plugins/Animation/ControlRig/Content/Controls/ControlRig_Diamond_1mm.uasset" 587
"../../../Engine/Plugins/Animation/ControlRig/Content/Controls/ControlRig_Diamond_1mm.uexp" 588
"../../../Engine/Plugins/Animation/ControlRig/Content/Controls/ControlRig_Diamond_3mm.ubulk" 589
"../../../Engine/Plugins/Animation/ControlRig/Content/Controls/ControlRig_Diamond_3mm.uasset" 590
"../../../Engine/Plugins/Animation/ControlRig/Content/Controls/ControlRig_Diamond_3mm.uexp" 591
"../../../Engine/Plugins/Animation/ControlRig/Content/Controls/ControlRig_Diamond_solid.ubulk" 592
"../../../Engine/Plugins/Animation/ControlRig/Content/Controls/ControlRig_Diamond_solid.uasset" 593
"../../../Engine/Plugins/Animation/ControlRig/Content/Controls/ControlRig_Diamond_solid.uexp" 594
"../../../Engine/Plugins/Animation/ControlRig/Content/Controls/ControlRig_HalfCircle_1mm.ubulk" 595
"../../../Engine/Plugins/Animation/ControlRig/Content/Controls/ControlRig_HalfCircle_1mm.uasset" 596
"../../../Engine/Plugins/Animation/ControlRig/Content/Controls/ControlRig_HalfCircle_1mm.uexp" 597
"../../../Engine/Plugins/Animation/ControlRig/Content/Controls/ControlRig_HalfCircle_3mm.ubulk" 598
"../../../Engine/Plugins/Animation/ControlRig/Content/Controls/ControlRig_HalfCircle_3mm.uasset" 599
"../../../Engine/Plugins/Animation/ControlRig/Content/Controls/ControlRig_HalfCircle_3mm.uexp" 600
"../../../Engine/Plugins/Animation/ControlRig/Content/Controls/ControlRig_HalfCircle_solid.ubulk" 601
"../../../Engine/Plugins/Animation/ControlRig/Content/Controls/ControlRig_HalfCircle_solid.uasset" 602
"../../../Engine/Plugins/Animation/ControlRig/Content/Controls/ControlRig_HalfCircle_solid.uexp" 603
"../../../Engine/Plugins/Animation/ControlRig/Content/Controls/ControlRig_Hexagon_1mm.ubulk" 604
"../../../Engine/Plugins/Animation/ControlRig/Content/Controls/ControlRig_Hexagon_1mm.uasset" 605
"../../../Engine/Plugins/Animation/ControlRig/Content/Controls/ControlRig_Hexagon_1mm.uexp" 606
"../../../Engine/Plugins/Animation/ControlRig/Content/Controls/ControlRig_Hexagon_3mm.ubulk" 607
"../../../Engine/Plugins/Animation/ControlRig/Content/Controls/ControlRig_Hexagon_3mm.uasset" 608
"../../../Engine/Plugins/Animation/ControlRig/Content/Controls/ControlRig_Hexagon_3mm.uexp" 609
"../../../Engine/Plugins/Animation/ControlRig/Content/Controls/ControlRig_Hexagon_solid.ubulk" 610
"../../../Engine/Plugins/Animation/ControlRig/Content/Controls/ControlRig_Hexagon_solid.uasset" 611
"../../../Engine/Plugins/Animation/ControlRig/Content/Controls/ControlRig_Hexagon_solid.uexp" 612
"../../../Engine/Plugins/Animation/ControlRig/Content/Controls/ControlRig_Octagon_1mm.ubulk" 613
"../../../Engine/Plugins/Animation/ControlRig/Content/Controls/ControlRig_Octagon_1mm.uasset" 614
"../../../Engine/Plugins/Animation/ControlRig/Content/Controls/ControlRig_Octagon_1mm.uexp" 615
"../../../Engine/Plugins/Animation/ControlRig/Content/Controls/ControlRig_Octagon_3mm.ubulk" 616
"../../../Engine/Plugins/Animation/ControlRig/Content/Controls/ControlRig_Octagon_3mm.uasset" 617
"../../../Engine/Plugins/Animation/ControlRig/Content/Controls/ControlRig_Octagon_3mm.uexp" 618
"../../../Engine/Plugins/Animation/ControlRig/Content/Controls/ControlRig_Octagon_solid.ubulk" 619
"../../../Engine/Plugins/Animation/ControlRig/Content/Controls/ControlRig_Octagon_solid.uasset" 620
"../../../Engine/Plugins/Animation/ControlRig/Content/Controls/ControlRig_Octagon_solid.uexp" 621
"../../../Engine/Plugins/Animation/ControlRig/Content/Controls/ControlRig_Pyramid_1mm.ubulk" 622
"../../../Engine/Plugins/Animation/ControlRig/Content/Controls/ControlRig_Pyramid_1mm.uasset" 623
"../../../Engine/Plugins/Animation/ControlRig/Content/Controls/ControlRig_Pyramid_1mm.uexp" 624
"../../../Engine/Plugins/Animation/ControlRig/Content/Controls/ControlRig_Pyramid_3mm.ubulk" 625
"../../../Engine/Plugins/Animation/ControlRig/Content/Controls/ControlRig_Pyramid_3mm.uasset" 626
"../../../Engine/Plugins/Animation/ControlRig/Content/Controls/ControlRig_Pyramid_3mm.uexp" 627
"../../../Engine/Plugins/Animation/ControlRig/Content/Controls/ControlRig_Pyramid_solid.ubulk" 628
"../../../Engine/Plugins/Animation/ControlRig/Content/Controls/ControlRig_Pyramid_solid.uasset" 629
"../../../Engine/Plugins/Animation/ControlRig/Content/Controls/ControlRig_Pyramid_solid.uexp" 630
"../../../Engine/Plugins/Animation/ControlRig/Content/Controls/ControlRig_QuarterCircle_1mm.ubulk" 631
"../../../Engine/Plugins/Animation/ControlRig/Content/Controls/ControlRig_QuarterCircle_1mm.uasset" 632
"../../../Engine/Plugins/Animation/ControlRig/Content/Controls/ControlRig_QuarterCircle_1mm.uexp" 633
"../../../Engine/Plugins/Animation/ControlRig/Content/Controls/ControlRig_QuarterCircle_3mm.ubulk" 634
"../../../Engine/Plugins/Animation/ControlRig/Content/Controls/ControlRig_QuarterCircle_3mm.uasset" 635
"../../../Engine/Plugins/Animation/ControlRig/Content/Controls/ControlRig_QuarterCircle_3mm.uexp" 636
"../../../Engine/Plugins/Animation/ControlRig/Content/Controls/ControlRig_QuarterCircle_solid.ubulk" 637
"../../../Engine/Plugins/Animation/ControlRig/Content/Controls/ControlRig_QuarterCircle_solid.uasset" 638
"../../../Engine/Plugins/Animation/ControlRig/Content/Controls/ControlRig_QuarterCircle_solid.uexp" 639
"../../../Engine/Plugins/Animation/ControlRig/Content/Controls/ControlRig_RoundedSquare_1mm.ubulk" 640
"../../../Engine/Plugins/Animation/ControlRig/Content/Controls/ControlRig_RoundedSquare_1mm.uasset" 641
"../../../Engine/Plugins/Animation/ControlRig/Content/Controls/ControlRig_RoundedSquare_1mm.uexp" 642
"../../../Engine/Plugins/Animation/ControlRig/Content/Controls/ControlRig_RoundedSquare_3mm.ubulk" 643
"../../../Engine/Plugins/Animation/ControlRig/Content/Controls/ControlRig_RoundedSquare_3mm.uasset" 644
"../../../Engine/Plugins/Animation/ControlRig/Content/Controls/ControlRig_RoundedSquare_3mm.uexp" 645
"../../../Engine/Plugins/Animation/ControlRig/Content/Controls/ControlRig_RoundedSquare_solid.ubulk" 646
"../../../Engine/Plugins/Animation/ControlRig/Content/Controls/ControlRig_RoundedSquare_solid.uasset" 647
"../../../Engine/Plugins/Animation/ControlRig/Content/Controls/ControlRig_RoundedSquare_solid.uexp" 648
"../../../Engine/Plugins/Animation/ControlRig/Content/Controls/ControlRig_RoundedTriangle_1mm.ubulk" 649
"../../../Engine/Plugins/Animation/ControlRig/Content/Controls/ControlRig_RoundedTriangle_1mm.uasset" 650
"../../../Engine/Plugins/Animation/ControlRig/Content/Controls/ControlRig_RoundedTriangle_1mm.uexp" 651
"../../../Engine/Plugins/Animation/ControlRig/Content/Controls/ControlRig_RoundedTriangle_3mm.ubulk" 652
"../../../Engine/Plugins/Animation/ControlRig/Content/Controls/ControlRig_RoundedTriangle_3mm.uasset" 653
"../../../Engine/Plugins/Animation/ControlRig/Content/Controls/ControlRig_RoundedTriangle_3mm.uexp" 654
"../../../Engine/Plugins/Animation/ControlRig/Content/Controls/ControlRig_RoundedTriangle_solid.ubulk" 655
"../../../Engine/Plugins/Animation/ControlRig/Content/Controls/ControlRig_RoundedTriangle_solid.uasset" 656
"../../../Engine/Plugins/Animation/ControlRig/Content/Controls/ControlRig_RoundedTriangle_solid.uexp" 657
"../../../Engine/Plugins/Animation/ControlRig/Content/Controls/ControlRig_Sphere_1mm.ubulk" 658
"../../../Engine/Plugins/Animation/ControlRig/Content/Controls/ControlRig_Sphere_1mm.uasset" 659
"../../../Engine/Plugins/Animation/ControlRig/Content/Controls/ControlRig_Sphere_1mm.uexp" 660
"../../../Engine/Plugins/Animation/ControlRig/Content/Controls/ControlRig_Sphere_3mm.ubulk" 661
"../../../Engine/Plugins/Animation/ControlRig/Content/Controls/ControlRig_Sphere_3mm.uasset" 662
"../../../Engine/Plugins/Animation/ControlRig/Content/Controls/ControlRig_Sphere_3mm.uexp" 663
"../../../Engine/Plugins/Animation/ControlRig/Content/Controls/ControlRig_Sphere_solid.ubulk" 664
"../../../Engine/Plugins/Animation/ControlRig/Content/Controls/ControlRig_Sphere_solid.uasset" 665
"../../../Engine/Plugins/Animation/ControlRig/Content/Controls/ControlRig_Sphere_solid.uexp" 666
"../../../Engine/Plugins/Animation/ControlRig/Content/Controls/ControlRig_Square_1mm.ubulk" 667
"../../../Engine/Plugins/Animation/ControlRig/Content/Controls/ControlRig_Square_1mm.uasset" 668
"../../../Engine/Plugins/Animation/ControlRig/Content/Controls/ControlRig_Square_1mm.uexp" 669
"../../../Engine/Plugins/Animation/ControlRig/Content/Controls/ControlRig_Square_3mm.ubulk" 670
"../../../Engine/Plugins/Animation/ControlRig/Content/Controls/ControlRig_Square_3mm.uasset" 671
"../../../Engine/Plugins/Animation/ControlRig/Content/Controls/ControlRig_Square_3mm.uexp" 672
"../../../Engine/Plugins/Animation/ControlRig/Content/Controls/ControlRig_Square_solid.ubulk" 673
"../../../Engine/Plugins/Animation/ControlRig/Content/Controls/ControlRig_Square_solid.uasset" 674
"../../../Engine/Plugins/Animation/ControlRig/Content/Controls/ControlRig_Square_solid.uexp" 675
"../../../Engine/Plugins/Animation/ControlRig/Content/Controls/ControlRig_Star4_1mm.ubulk" 676
"../../../Engine/Plugins/Animation/ControlRig/Content/Controls/ControlRig_Star4_1mm.uasset" 677
"../../../Engine/Plugins/Animation/ControlRig/Content/Controls/ControlRig_Star4_1mm.uexp" 678
"../../../Engine/Plugins/Animation/ControlRig/Content/Controls/ControlRig_Star4_3mm.ubulk" 679
"../../../Engine/Plugins/Animation/ControlRig/Content/Controls/ControlRig_Star4_3mm.uasset" 680
"../../../Engine/Plugins/Animation/ControlRig/Content/Controls/ControlRig_Star4_3mm.uexp" 681
"../../../Engine/Plugins/Animation/ControlRig/Content/Controls/ControlRig_Star4_solid.ubulk" 682
"../../../Engine/Plugins/Animation/ControlRig/Content/Controls/ControlRig_Star4_solid.uasset" 683
"../../../Engine/Plugins/Animation/ControlRig/Content/Controls/ControlRig_Star4_solid.uexp" 684
"../../../Engine/Plugins/Animation/ControlRig/Content/Controls/ControlRig_Triangle_1mm.ubulk" 685
"../../../Engine/Plugins/Animation/ControlRig/Content/Controls/ControlRig_Triangle_1mm.uasset" 686
"../../../Engine/Plugins/Animation/ControlRig/Content/Controls/ControlRig_Triangle_1mm.uexp" 687
"../../../Engine/Plugins/Animation/ControlRig/Content/Controls/ControlRig_Triangle_3mm.ubulk" 688
"../../../Engine/Plugins/Animation/ControlRig/Content/Controls/ControlRig_Triangle_3mm.uasset" 689
"../../../Engine/Plugins/Animation/ControlRig/Content/Controls/ControlRig_Triangle_3mm.uexp" 690
"../../../Engine/Plugins/Animation/ControlRig/Content/Controls/ControlRig_Triangle_solid.ubulk" 691
"../../../Engine/Plugins/Animation/ControlRig/Content/Controls/ControlRig_Triangle_solid.uasset" 692
"../../../Engine/Plugins/Animation/ControlRig/Content/Controls/ControlRig_Triangle_solid.uexp" 693
"../../../Engine/Plugins/Animation/ControlRig/Content/Controls/ControlRig_Wedge_1mm.ubulk" 694
"../../../Engine/Plugins/Animation/ControlRig/Content/Controls/ControlRig_Wedge_1mm.uasset" 695
"../../../Engine/Plugins/Animation/ControlRig/Content/Controls/ControlRig_Wedge_1mm.uexp" 696
"../../../Engine/Plugins/Animation/ControlRig/Content/Controls/ControlRig_Wedge_3mm.ubulk" 697
"../../../Engine/Plugins/Animation/ControlRig/Content/Controls/ControlRig_Wedge_3mm.uasset" 698
"../../../Engine/Plugins/Animation/ControlRig/Content/Controls/ControlRig_Wedge_3mm.uexp" 699
"../../../Engine/Plugins/Animation/ControlRig/Content/Controls/ControlRig_Wedge_solid.ubulk" 700
"../../../Engine/Plugins/Animation/ControlRig/Content/Controls/ControlRig_Wedge_solid.uasset" 701
"../../../Engine/Plugins/Animation/ControlRig/Content/Controls/ControlRig_Wedge_solid.uexp" 702
"../../../Engine/Content/EngineMaterials/WeightMapPlaceholderTexture.uasset" 703
"../../../Engine/Content/EngineMaterials/WeightMapPlaceholderTexture.uexp" 704
"../../../Engine/Content/EngineMaterials/WeightMapArrayPlaceholderTexture.uasset" 705
"../../../Engine/Content/EngineMaterials/WeightMapArrayPlaceholderTexture.uexp" 706
"../../../Engine/Content/EngineMeshes/Sphere.ubulk" 707
"../../../Engine/Content/EngineMeshes/Sphere.uasset" 708
"../../../Engine/Content/EngineMeshes/Sphere.uexp" 709
"../../../Engine/Content/EditorLandscapeResources/SplineEditorMeshMat.uasset" 710
"../../../Engine/Content/EditorLandscapeResources/SplineEditorMeshMat.uexp" 711
"../../../Engine/Content/EditorLandscapeResources/SplineEditorMesh.ubulk" 712
"../../../Engine/Content/EditorLandscapeResources/SplineEditorMesh.uasset" 713
"../../../Engine/Content/EditorLandscapeResources/SplineEditorMesh.uexp" 714
"../../../Engine/Content/BasicShapes/Cone.ubulk" 715
"../../../Engine/Content/BasicShapes/Cone.uasset" 716
"../../../Engine/Content/BasicShapes/Cone.uexp" 717
"../../../Engine/Content/BasicShapes/Sphere.ubulk" 718
"../../../Engine/Content/BasicShapes/Sphere.uasset" 719
"../../../Engine/Content/BasicShapes/Sphere.uexp" 720
"../../../Engine/Plugins/Media/MediaPlate/Content/SM_MediaPlateScreen.ubulk" 721
"../../../Engine/Plugins/Media/MediaPlate/Content/SM_MediaPlateScreen.uasset" 722
"../../../Engine/Plugins/Media/MediaPlate/Content/SM_MediaPlateScreen.uexp" 723
"../../../Engine/Content/EngineResources/DefaultTextureCube.uasset" 724
"../../../Engine/Content/EngineResources/DefaultTextureCube.uexp" 725
"../../../Engine/Plugins/2D/Paper2D/Content/DefaultSpriteMaterial.uasset" 726
"../../../Engine/Plugins/2D/Paper2D/Content/DefaultSpriteMaterial.uexp" 727
"../../../Engine/Plugins/2D/Paper2D/Content/OpaqueUnlitSpriteMaterial.uasset" 728
"../../../Engine/Plugins/2D/Paper2D/Content/OpaqueUnlitSpriteMaterial.uexp" 729
"../../../Engine/Plugins/2D/Paper2D/Content/MaskedUnlitSpriteMaterial.uasset" 730
"../../../Engine/Plugins/2D/Paper2D/Content/MaskedUnlitSpriteMaterial.uexp" 731
"../../../Engine/Plugins/NNE/NNEDenoiser/Content/NNE_oidn2-3-0_rt_hdr_calb_cnrm_large__dyn__fp16_opset11_ForwardAlpha.uasset" 732
"../../../Engine/Plugins/NNE/NNEDenoiser/Content/NNE_oidn2-3-0_rt_hdr_calb_cnrm_large__dyn__fp16_opset11_ForwardAlpha.uexp" 733
"../../../Engine/Plugins/NNE/NNEDenoiser/Content/NNE_oidn2-3-0_rt_hdr_calb_cnrm_large__dyn__fp16_opset11_DenoiseAlpha.uasset" 734
"../../../Engine/Plugins/NNE/NNEDenoiser/Content/NNE_oidn2-3-0_rt_hdr_calb_cnrm_large__dyn__fp16_opset11_DenoiseAlpha.uexp" 735
"../../../Engine/Plugins/NNE/NNEDenoiser/Content/NNE_oidn2-3-0_rt_hdr_alb_nrm__dyn__fp16_opset11_ForwardAlpha.uasset" 736
"../../../Engine/Plugins/NNE/NNEDenoiser/Content/NNE_oidn2-3-0_rt_hdr_alb_nrm__dyn__fp16_opset11_ForwardAlpha.uexp" 737
"../../../Engine/Plugins/NNE/NNEDenoiser/Content/NNE_oidn2-3-0_rt_hdr_alb_nrm__dyn__fp16_opset11_DenoiseAlpha.uasset" 738
"../../../Engine/Plugins/NNE/NNEDenoiser/Content/NNE_oidn2-3-0_rt_hdr_alb_nrm__dyn__fp16_opset11_DenoiseAlpha.uexp" 739
"../../../Engine/Plugins/NNE/NNEDenoiser/Content/NNE_oidn2-3-0_rt_hdr_alb_nrm_small__dyn__fp16_opset11_ForwardAlpha.uasset" 740
"../../../Engine/Plugins/NNE/NNEDenoiser/Content/NNE_oidn2-3-0_rt_hdr_alb_nrm_small__dyn__fp16_opset11_ForwardAlpha.uexp" 741
"../../../Engine/Plugins/NNE/NNEDenoiser/Content/NNE_oidn2-3-0_rt_hdr_alb_nrm_small__dyn__fp16_opset11_DenoiseAlpha.uasset" 742
"../../../Engine/Plugins/NNE/NNEDenoiser/Content/NNE_oidn2-3-0_rt_hdr_alb_nrm_small__dyn__fp16_opset11_DenoiseAlpha.uexp" 743
"../../../Engine/Content/Functions/Engine_MaterialFunctions03/Math/WithinRangeFloat2.uasset" 744
"../../../Engine/Content/Functions/Engine_MaterialFunctions03/Math/WithinRangeFloat2.uexp" 745
"../../../Engine/Content/EditorLandscapeResources/SelectBrushMaterial.uasset" 746
"../../../Engine/Content/EditorLandscapeResources/SelectBrushMaterial.uexp" 747
"../../../Engine/Content/EditorLandscapeResources/SelectBrushMaterial_SelectedRegion.uasset" 748
"../../../Engine/Content/EditorLandscapeResources/SelectBrushMaterial_SelectedRegion.uexp" 749
"../../../Engine/Content/EditorLandscapeResources/SelectBrushMaterial_Selected.uasset" 750
"../../../Engine/Content/EditorLandscapeResources/SelectBrushMaterial_Selected.uexp" 751
"../../../Engine/Content/EditorLandscapeResources/MaskBrushMaterial.uasset" 752
"../../../Engine/Content/EditorLandscapeResources/MaskBrushMaterial.uexp" 753
"../../../Engine/Content/EditorLandscapeResources/MaskBrushMaterial_MaskedRegion.uasset" 754
"../../../Engine/Content/EditorLandscapeResources/MaskBrushMaterial_MaskedRegion.uexp" 755
"../../../Engine/Content/EditorLandscapeResources/ColorMaskBrushMaterial.uasset" 756
"../../../Engine/Content/EditorLandscapeResources/ColorMaskBrushMaterial.uexp" 757
"../../../Engine/Content/EditorLandscapeResources/ColorMaskBrushMaterial_MaskedRegion.uasset" 758
"../../../Engine/Content/EditorLandscapeResources/ColorMaskBrushMaterial_MaskedRegion.uexp" 759
"../../../Engine/Content/EngineResources/LandscapeVisibilityLayerInfo.uasset" 760
"../../../Engine/Content/EngineResources/LandscapeVisibilityLayerInfo.uexp" 761
"../../../Engine/Content/EngineResources/WhiteSquareTexture.uasset" 762
"../../../Engine/Content/EngineResources/WhiteSquareTexture.uexp" 763
"../../../Engine/Content/EngineMaterials/Widget3DPassThrough.uasset" 764
"../../../Engine/Content/EngineMaterials/Widget3DPassThrough.uexp" 765
"../../../Engine/Content/EngineMaterials/Widget3DPassThrough_Translucent.uasset" 766
"../../../Engine/Content/EngineMaterials/Widget3DPassThrough_Translucent.uexp" 767
"../../../Engine/Content/EngineMaterials/Widget3DPassThrough_Translucent_OneSided.uasset" 768
"../../../Engine/Content/EngineMaterials/Widget3DPassThrough_Translucent_OneSided.uexp" 769
"../../../Engine/Content/EngineMaterials/Widget3DPassThrough_Opaque.uasset" 770
"../../../Engine/Content/EngineMaterials/Widget3DPassThrough_Opaque.uexp" 771
"../../../Engine/Content/EngineMaterials/Widget3DPassThrough_Opaque_OneSided.uasset" 772
"../../../Engine/Content/EngineMaterials/Widget3DPassThrough_Opaque_OneSided.uexp" 773
"../../../Engine/Content/EngineMaterials/Widget3DPassThrough_Masked_OneSided.uasset" 774
"../../../Engine/Content/EngineMaterials/Widget3DPassThrough_Masked_OneSided.uexp" 775
"../../../Engine/Content/EngineMaterials/Widget3DPassThrough_Masked.uasset" 776
"../../../Engine/Content/EngineMaterials/Widget3DPassThrough_Masked.uexp" 777
"../../../Engine/Content/VREditor/Sounds/UI/Drop_Item_From_ContentBrowser.ubulk" 778
"../../../Engine/Content/VREditor/Sounds/UI/Drop_Item_From_ContentBrowser.uasset" 779
"../../../Engine/Content/VREditor/Sounds/UI/Drop_Item_From_ContentBrowser.uexp" 780
"../../../Engine/Content/VREditor/TransformGizmo/TransformGizmoMaterial_Inst.uasset" 781
"../../../Engine/Content/VREditor/TransformGizmo/TransformGizmoMaterial_Inst.uexp" 782
"../../../Engine/Content/VREditor/TransformGizmo/TranslucentTransformGizmoMaterial_Inst.uasset" 783
"../../../Engine/Content/VREditor/TransformGizmo/TranslucentTransformGizmoMaterial_Inst.uexp" 784
"../../../Engine/Content/Functions/Engine_MaterialFunctions02/Math/Transform3x3Matrix.uasset" 785
"../../../Engine/Content/Functions/Engine_MaterialFunctions02/Math/Transform3x3Matrix.uexp" 786
"../../../Engine/Content/Functions/Engine_MaterialFunctions02/SplitComponents.uasset" 787
"../../../Engine/Content/Functions/Engine_MaterialFunctions02/SplitComponents.uexp" 788
"../../../Engine/Content/VREditor/SnapGrid/SnapGridMaterial.uasset" 789
"../../../Engine/Content/VREditor/SnapGrid/SnapGridMaterial.uexp" 790
"../../../Engine/Content/VREditor/SnapGrid/SnapGridPlaneMesh.ubulk" 791
"../../../Engine/Content/VREditor/SnapGrid/SnapGridPlaneMesh.uasset" 792
"../../../Engine/Content/VREditor/SnapGrid/SnapGridPlaneMesh.uexp" 793
"../../../Engine/Content/VREditor/Sounds/UI/Gizmo_Handle_Clicked.ubulk" 794
"../../../Engine/Content/VREditor/Sounds/UI/Gizmo_Handle_Clicked.uasset" 795
"../../../Engine/Content/VREditor/Sounds/UI/Gizmo_Handle_Clicked.uexp" 796
"../../../Engine/Content/VREditor/Sounds/UI/Object_PickUp.ubulk" 797
"../../../Engine/Content/VREditor/Sounds/UI/Object_PickUp.uasset" 798
"../../../Engine/Content/VREditor/Sounds/UI/Object_PickUp.uexp" 799
"../../../Engine/Content/VREditor/Sounds/UI/Object_Snaps_To_Another_Actor.ubulk" 800
"../../../Engine/Content/VREditor/Sounds/UI/Object_Snaps_To_Another_Actor.uasset" 801
"../../../Engine/Content/VREditor/Sounds/UI/Object_Snaps_To_Another_Actor.uexp" 802
"../../../Engine/Content/VREditor/Sounds/UI/Object_Snaps_To_Grid.ubulk" 803
"../../../Engine/Content/VREditor/Sounds/UI/Object_Snaps_To_Grid.uasset" 804
"../../../Engine/Content/VREditor/Sounds/UI/Object_Snaps_To_Grid.uexp" 805
"../../../Engine/Content/VREditor/Sounds/UI/Scaling_Down.ubulk" 806
"../../../Engine/Content/VREditor/Sounds/UI/Scaling_Down.uasset" 807
"../../../Engine/Content/VREditor/Sounds/UI/Scaling_Down.uexp" 808
"../../../Engine/Content/VREditor/Sounds/UI/Scaling_Up.ubulk" 809
"../../../Engine/Content/VREditor/Sounds/UI/Scaling_Up.uasset" 810
"../../../Engine/Content/VREditor/Sounds/UI/Scaling_Up.uexp" 811
"../../../Engine/Content/VREditor/Sounds/UI/Selection_Changes.ubulk" 812
"../../../Engine/Content/VREditor/Sounds/UI/Selection_Changes.uasset" 813
"../../../Engine/Content/VREditor/Sounds/UI/Selection_Changes.uexp" 814
"../../../Engine/Content/VREditor/TransformGizmo/PlaneTranslationHandle.ubulk" 815
"../../../Engine/Content/VREditor/TransformGizmo/PlaneTranslationHandle.uasset" 816
"../../../Engine/Content/VREditor/TransformGizmo/PlaneTranslationHandle.uexp" 817
"../../../Engine/Content/VREditor/TransformGizmo/RotationHandleFull.ubulk" 818
"../../../Engine/Content/VREditor/TransformGizmo/RotationHandleFull.uasset" 819
"../../../Engine/Content/VREditor/TransformGizmo/RotationHandleFull.uexp" 820
"../../../Engine/Content/VREditor/TransformGizmo/RotationHandleIndicator.ubulk" 821
"../../../Engine/Content/VREditor/TransformGizmo/RotationHandleIndicator.uasset" 822
"../../../Engine/Content/VREditor/TransformGizmo/RotationHandleIndicator.uexp" 823
"../../../Engine/Content/VREditor/TransformGizmo/RotationHandleQuarter.ubulk" 824
"../../../Engine/Content/VREditor/TransformGizmo/RotationHandleQuarter.uasset" 825
"../../../Engine/Content/VREditor/TransformGizmo/RotationHandleQuarter.uexp" 826
"../../../Engine/Content/VREditor/TransformGizmo/StartRotationHandleIndicator.ubulk" 827
"../../../Engine/Content/VREditor/TransformGizmo/StartRotationHandleIndicator.uasset" 828
"../../../Engine/Content/VREditor/TransformGizmo/StartRotationHandleIndicator.uexp" 829
"../../../Engine/Content/VREditor/TransformGizmo/TransformGizmoFreeRotation.ubulk" 830
"../../../Engine/Content/VREditor/TransformGizmo/TransformGizmoFreeRotation.uasset" 831
"../../../Engine/Content/VREditor/TransformGizmo/TransformGizmoFreeRotation.uexp" 832
"../../../Engine/Content/VREditor/TransformGizmo/TranslateArrowHandle.ubulk" 833
"../../../Engine/Content/VREditor/TransformGizmo/TranslateArrowHandle.uasset" 834
"../../../Engine/Content/VREditor/TransformGizmo/TranslateArrowHandle.uexp" 835
"../../../Engine/Content/VREditor/TransformGizmo/UniformScaleHandle.ubulk" 836
"../../../Engine/Content/VREditor/TransformGizmo/UniformScaleHandle.uasset" 837
"../../../Engine/Content/VREditor/TransformGizmo/UniformScaleHandle.uexp" 838
"../../../Engine/Plugins/Interchange/Assets/Content/gltf/Textures/T_White_srgb.uasset" 839
"../../../Engine/Plugins/Interchange/Assets/Content/gltf/Textures/T_White_srgb.uexp" 840
"../../../Engine/Plugins/Interchange/Assets/Content/gltf/MaterialFunctions/MF_BaseColor.uasset" 841
"../../../Engine/Plugins/Interchange/Assets/Content/gltf/MaterialFunctions/MF_BaseColor.uexp" 842
"../../../Engine/Plugins/Interchange/Assets/Content/gltf/MaterialFunctions/MF_RotateV2.uasset" 843
"../../../Engine/Plugins/Interchange/Assets/Content/gltf/MaterialFunctions/MF_RotateV2.uexp" 844
"../../../Engine/Plugins/Interchange/Assets/Content/gltf/MaterialFunctions/MF_TransformUVs.uasset" 845
"../../../Engine/Plugins/Interchange/Assets/Content/gltf/MaterialFunctions/MF_TransformUVs.uexp" 846
"../../../Engine/Plugins/Interchange/Assets/Content/gltf/MaterialBodies/MF_Unlit_Body.uasset" 847
"../../../Engine/Plugins/Interchange/Assets/Content/gltf/MaterialBodies/MF_Unlit_Body.uexp" 848
"../../../Engine/Plugins/Interchange/Assets/Content/gltf/M_Unlit.uasset" 849
"../../../Engine/Plugins/Interchange/Assets/Content/gltf/M_Unlit.uexp" 850
"../../../Engine/Plugins/Interchange/Assets/Content/gltf/MaterialInstances/MI_Unlit_Opaque_DS.uasset" 851
"../../../Engine/Plugins/Interchange/Assets/Content/gltf/MaterialInstances/MI_Unlit_Opaque_DS.uexp" 852
"../../../Engine/Plugins/Interchange/Assets/Content/gltf/MaterialInstances/MI_Unlit_Opaque.uasset" 853
"../../../Engine/Plugins/Interchange/Assets/Content/gltf/MaterialInstances/MI_Unlit_Opaque.uexp" 854
"../../../Engine/Plugins/Interchange/Assets/Content/gltf/MaterialInstances/MI_Unlit_Mask_DS.uasset" 855
"../../../Engine/Plugins/Interchange/Assets/Content/gltf/MaterialInstances/MI_Unlit_Mask_DS.uexp" 856
"../../../Engine/Plugins/Interchange/Assets/Content/gltf/MaterialInstances/MI_Unlit_Mask.uasset" 857
"../../../Engine/Plugins/Interchange/Assets/Content/gltf/MaterialInstances/MI_Unlit_Mask.uexp" 858
"../../../Engine/Plugins/Interchange/Assets/Content/gltf/MaterialInstances/MI_Unlit_Blend_DS.uasset" 859
"../../../Engine/Plugins/Interchange/Assets/Content/gltf/MaterialInstances/MI_Unlit_Blend_DS.uexp" 860
"../../../Engine/Plugins/Interchange/Assets/Content/gltf/MaterialInstances/MI_Unlit_Blend.uasset" 861
"../../../Engine/Plugins/Interchange/Assets/Content/gltf/MaterialInstances/MI_Unlit_Blend.uexp" 862
"../../../Engine/Content/EngineMaterials/Good64x64TilingNoiseHighFreq.uasset" 863
"../../../Engine/Content/EngineMaterials/Good64x64TilingNoiseHighFreq.uexp" 864
"../../../Engine/Content/Functions/Engine_MaterialFunctions02/Texturing/ScreenAlignedPixelToPixelUVs.uasset" 865
"../../../Engine/Content/Functions/Engine_MaterialFunctions02/Texturing/ScreenAlignedPixelToPixelUVs.uexp" 866
"../../../Engine/Plugins/Interchange/Assets/Content/Utilities/New_LUT.uasset" 867
"../../../Engine/Plugins/Interchange/Assets/Content/Utilities/New_LUT.uexp" 868
"../../../Engine/Content/Functions/Engine_MaterialFunctions03/Math/RemapValueRange.uasset" 869
"../../../Engine/Content/Functions/Engine_MaterialFunctions03/Math/RemapValueRange.uexp" 870
"../../../Engine/Plugins/Interchange/Assets/Content/Functions/MF_Iridescence.uasset" 871
"../../../Engine/Plugins/Interchange/Assets/Content/Functions/MF_Iridescence.uexp" 872
"../../../Engine/Plugins/Interchange/Assets/Content/gltf/MaterialFunctions/MF_Fresnel_DS.uasset" 873
"../../../Engine/Plugins/Interchange/Assets/Content/gltf/MaterialFunctions/MF_Fresnel_DS.uexp" 874
"../../../Engine/Plugins/Interchange/Assets/Content/gltf/MaterialFunctions/MF_IOR.uasset" 875
"../../../Engine/Plugins/Interchange/Assets/Content/gltf/MaterialFunctions/MF_IOR.uexp" 876
"../../../Engine/Plugins/Interchange/Assets/Content/gltf/MaterialFunctions/MF_Iridescence.uasset" 877
"../../../Engine/Plugins/Interchange/Assets/Content/gltf/MaterialFunctions/MF_Iridescence.uexp" 878
"../../../Engine/Plugins/Interchange/Assets/Content/gltf/Textures/T_White_Linear.uasset" 879
"../../../Engine/Plugins/Interchange/Assets/Content/gltf/Textures/T_White_Linear.uexp" 880
"../../../Engine/Plugins/Interchange/Assets/Content/gltf/MaterialFunctions/MF_MetallicRoughness.uasset" 881
"../../../Engine/Plugins/Interchange/Assets/Content/gltf/MaterialFunctions/MF_MetallicRoughness.uexp" 882
"../../../Engine/Plugins/Interchange/Assets/Content/gltf/MaterialFunctions/MF_RotateNormals_TS.uasset" 883
"../../../Engine/Plugins/Interchange/Assets/Content/gltf/MaterialFunctions/MF_RotateNormals_TS.uexp" 884
"../../../Engine/Plugins/Interchange/Assets/Content/gltf/MaterialFunctions/MF_ScaleNormal.uasset" 885
"../../../Engine/Plugins/Interchange/Assets/Content/gltf/MaterialFunctions/MF_ScaleNormal.uexp" 886
"../../../Engine/Plugins/Interchange/Assets/Content/gltf/Textures/T_Generic_N.uasset" 887
"../../../Engine/Plugins/Interchange/Assets/Content/gltf/Textures/T_Generic_N.uexp" 888
"../../../Engine/Plugins/Interchange/Assets/Content/gltf/MaterialFunctions/MF_Normals.uasset" 889
"../../../Engine/Plugins/Interchange/Assets/Content/gltf/MaterialFunctions/MF_Normals.uexp" 890
"../../../Engine/Plugins/Interchange/Assets/Content/gltf/MaterialFunctions/MF_Occlusion.uasset" 891
"../../../Engine/Plugins/Interchange/Assets/Content/gltf/MaterialFunctions/MF_Occlusion.uexp" 892
"../../../Engine/Plugins/Interchange/Assets/Content/gltf/MaterialFunctions/MF_Specular.uasset" 893
"../../../Engine/Plugins/Interchange/Assets/Content/gltf/MaterialFunctions/MF_Specular.uexp" 894
"../../../Engine/Plugins/Interchange/Assets/Content/gltf/Textures/T_Anisotropy_Direction_Linear.uasset" 895
"../../../Engine/Plugins/Interchange/Assets/Content/gltf/Textures/T_Anisotropy_Direction_Linear.uexp" 896
"../../../Engine/Plugins/Interchange/Assets/Content/gltf/MaterialFunctions/MF_SpecularAnisotropy.uasset" 897
"../../../Engine/Plugins/Interchange/Assets/Content/gltf/MaterialFunctions/MF_SpecularAnisotropy.uexp" 898
"../../../Engine/Plugins/Interchange/Assets/Content/gltf/MaterialFunctions/MF_Temporal_Blur.uasset" 899
"../../../Engine/Plugins/Interchange/Assets/Content/gltf/MaterialFunctions/MF_Temporal_Blur.uexp" 900
"../../../Engine/Plugins/Interchange/Assets/Content/gltf/MaterialFunctions/MF_Transmission.uasset" 901
"../../../Engine/Plugins/Interchange/Assets/Content/gltf/MaterialFunctions/MF_Transmission.uexp" 902
"../../../Engine/Plugins/Interchange/Assets/Content/gltf/MaterialBodies/MF_Transmission_Body.uasset" 903
"../../../Engine/Plugins/Interchange/Assets/Content/gltf/MaterialBodies/MF_Transmission_Body.uexp" 904
"../../../Engine/Plugins/Interchange/Assets/Content/gltf/M_Transmission.uasset" 905
"../../../Engine/Plugins/Interchange/Assets/Content/gltf/M_Transmission.uexp" 906
"../../../Engine/Plugins/Interchange/Assets/Content/gltf/MaterialInstances/MI_Transmission_DS.uasset" 907
"../../../Engine/Plugins/Interchange/Assets/Content/gltf/MaterialInstances/MI_Transmission_DS.uexp" 908
"../../../Engine/Plugins/Interchange/Assets/Content/gltf/MaterialInstances/MI_Transmission.uasset" 909
"../../../Engine/Plugins/Interchange/Assets/Content/gltf/MaterialInstances/MI_Transmission.uexp" 910
"../../../Engine/Content/Functions/Engine_MaterialFunctions02/Math/AddComponents.uasset" 911
"../../../Engine/Content/Functions/Engine_MaterialFunctions02/Math/AddComponents.uexp" 912
"../../../Engine/Plugins/Interchange/Assets/Content/gltf/MaterialFunctions/MF_DiffuseSpecGloss.uasset" 913
"../../../Engine/Plugins/Interchange/Assets/Content/gltf/MaterialFunctions/MF_DiffuseSpecGloss.uexp" 914
"../../../Engine/Plugins/Interchange/Assets/Content/gltf/MaterialFunctions/MF_Emissive.uasset" 915
"../../../Engine/Plugins/Interchange/Assets/Content/gltf/MaterialFunctions/MF_Emissive.uexp" 916
"../../../Engine/Plugins/Interchange/Assets/Content/gltf/MaterialFunctions/MF_MaxComponentValue.uasset" 917
"../../../Engine/Plugins/Interchange/Assets/Content/gltf/MaterialFunctions/MF_MaxComponentValue.uexp" 918
"../../../Engine/Plugins/Interchange/Assets/Content/gltf/MaterialFunctions/MF_PerceivedBrightness.uasset" 919
"../../../Engine/Plugins/Interchange/Assets/Content/gltf/MaterialFunctions/MF_PerceivedBrightness.uexp" 920
"../../../Engine/Plugins/Interchange/Assets/Content/gltf/MaterialFunctions/MF_SpecGlossToMetalRoughness.uasset" 921
"../../../Engine/Plugins/Interchange/Assets/Content/gltf/MaterialFunctions/MF_SpecGlossToMetalRoughness.uexp" 922
"../../../Engine/Plugins/Interchange/Assets/Content/gltf/MaterialBodies/MF_SpecularGlossiness_Body.uasset" 923
"../../../Engine/Plugins/Interchange/Assets/Content/gltf/MaterialBodies/MF_SpecularGlossiness_Body.uexp" 924
"../../../Engine/Plugins/Interchange/Assets/Content/gltf/M_SpecularGlossiness.uasset" 925
"../../../Engine/Plugins/Interchange/Assets/Content/gltf/M_SpecularGlossiness.uexp" 926
"../../../Engine/Plugins/Interchange/Assets/Content/gltf/MaterialInstances/MI_SpecularGlossiness_Opaque_DS.uasset" 927
"../../../Engine/Plugins/Interchange/Assets/Content/gltf/MaterialInstances/MI_SpecularGlossiness_Opaque_DS.uexp" 928
"../../../Engine/Plugins/Interchange/Assets/Content/gltf/MaterialInstances/MI_SpecularGlossiness_Opaque.uasset" 929
"../../../Engine/Plugins/Interchange/Assets/Content/gltf/MaterialInstances/MI_SpecularGlossiness_Opaque.uexp" 930
"../../../Engine/Plugins/Interchange/Assets/Content/gltf/MaterialInstances/MI_SpecularGlossiness_Mask_DS.uasset" 931
"../../../Engine/Plugins/Interchange/Assets/Content/gltf/MaterialInstances/MI_SpecularGlossiness_Mask_DS.uexp" 932
"../../../Engine/Plugins/Interchange/Assets/Content/gltf/MaterialInstances/MI_SpecularGlossiness_Mask.uasset" 933
"../../../Engine/Plugins/Interchange/Assets/Content/gltf/MaterialInstances/MI_SpecularGlossiness_Mask.uexp" 934
"../../../Engine/Plugins/Interchange/Assets/Content/gltf/MaterialInstances/MI_SpecularGlossiness_Blend_DS.uasset" 935
"../../../Engine/Plugins/Interchange/Assets/Content/gltf/MaterialInstances/MI_SpecularGlossiness_Blend_DS.uexp" 936
"../../../Engine/Plugins/Interchange/Assets/Content/gltf/MaterialInstances/MI_SpecularGlossiness_Blend.uasset" 937
"../../../Engine/Plugins/Interchange/Assets/Content/gltf/MaterialInstances/MI_SpecularGlossiness_Blend.uexp" 938
"../../../Engine/Plugins/Interchange/Assets/Content/gltf/MaterialFunctions/MF_Sheen.uasset" 939
"../../../Engine/Plugins/Interchange/Assets/Content/gltf/MaterialFunctions/MF_Sheen.uexp" 940
"../../../Engine/Plugins/Interchange/Assets/Content/gltf/MaterialBodies/MF_Sheen_Body.uasset" 941
"../../../Engine/Plugins/Interchange/Assets/Content/gltf/MaterialBodies/MF_Sheen_Body.uexp" 942
"../../../Engine/Plugins/Interchange/Assets/Content/gltf/M_Sheen.uasset" 943
"../../../Engine/Plugins/Interchange/Assets/Content/gltf/M_Sheen.uexp" 944
"../../../Engine/Plugins/Interchange/Assets/Content/gltf/MaterialInstances/MI_Sheen_Opaque_DS.uasset" 945
"../../../Engine/Plugins/Interchange/Assets/Content/gltf/MaterialInstances/MI_Sheen_Opaque_DS.uexp" 946
"../../../Engine/Plugins/Interchange/Assets/Content/gltf/MaterialInstances/MI_Sheen_Opaque.uasset" 947
"../../../Engine/Plugins/Interchange/Assets/Content/gltf/MaterialInstances/MI_Sheen_Opaque.uexp" 948
"../../../Engine/Plugins/Interchange/Assets/Content/gltf/MaterialInstances/MI_Sheen_Mask_DS.uasset" 949
"../../../Engine/Plugins/Interchange/Assets/Content/gltf/MaterialInstances/MI_Sheen_Mask_DS.uexp" 950
"../../../Engine/Plugins/Interchange/Assets/Content/gltf/MaterialInstances/MI_Sheen_Mask.uasset" 951
"../../../Engine/Plugins/Interchange/Assets/Content/gltf/MaterialInstances/MI_Sheen_Mask.uexp" 952
"../../../Engine/Plugins/Interchange/Assets/Content/gltf/MaterialInstances/MI_Sheen_Blend_DS.uasset" 953
"../../../Engine/Plugins/Interchange/Assets/Content/gltf/MaterialInstances/MI_Sheen_Blend_DS.uexp" 954
"../../../Engine/Plugins/Interchange/Assets/Content/gltf/MaterialInstances/MI_Sheen_Blend.uasset" 955
"../../../Engine/Plugins/Interchange/Assets/Content/gltf/MaterialInstances/MI_Sheen_Blend.uexp" 956
"../../../Engine/Plugins/Interchange/Assets/Content/gltf/MaterialBodies/MF_Default_Body.uasset" 957
"../../../Engine/Plugins/Interchange/Assets/Content/gltf/MaterialBodies/MF_Default_Body.uexp" 958
"../../../Engine/Plugins/Interchange/Assets/Content/gltf/M_Default.uasset" 959
"../../../Engine/Plugins/Interchange/Assets/Content/gltf/M_Default.uexp" 960
"../../../Engine/Plugins/Interchange/Assets/Content/gltf/MaterialInstances/MI_Default_Opaque_DS.uasset" 961
"../../../Engine/Plugins/Interchange/Assets/Content/gltf/MaterialInstances/MI_Default_Opaque_DS.uexp" 962
"../../../Engine/Plugins/Interchange/Assets/Content/gltf/MaterialInstances/MI_Default_Opaque.uasset" 963
"../../../Engine/Plugins/Interchange/Assets/Content/gltf/MaterialInstances/MI_Default_Opaque.uexp" 964
"../../../Engine/Plugins/Interchange/Assets/Content/gltf/MaterialInstances/MI_Default_Mask_DS.uasset" 965
"../../../Engine/Plugins/Interchange/Assets/Content/gltf/MaterialInstances/MI_Default_Mask_DS.uexp" 966
"../../../Engine/Plugins/Interchange/Assets/Content/gltf/MaterialInstances/MI_Default_Mask.uasset" 967
"../../../Engine/Plugins/Interchange/Assets/Content/gltf/MaterialInstances/MI_Default_Mask.uexp" 968
"../../../Engine/Plugins/Interchange/Assets/Content/gltf/MaterialInstances/MI_Default_Blend_DS.uasset" 969
"../../../Engine/Plugins/Interchange/Assets/Content/gltf/MaterialInstances/MI_Default_Blend_DS.uexp" 970
"../../../Engine/Plugins/Interchange/Assets/Content/gltf/MaterialInstances/MI_Default_Blend.uasset" 971
"../../../Engine/Plugins/Interchange/Assets/Content/gltf/MaterialInstances/MI_Default_Blend.uexp" 972
"../../../Engine/Content/Functions/Engine_MaterialFunctions01/Texturing/FlattenNormal.uasset" 973
"../../../Engine/Content/Functions/Engine_MaterialFunctions01/Texturing/FlattenNormal.uexp" 974
"../../../Engine/Plugins/Interchange/Assets/Content/gltf/MaterialFunctions/MF_Clearcoat.uasset" 975
"../../../Engine/Plugins/Interchange/Assets/Content/gltf/MaterialFunctions/MF_Clearcoat.uexp" 976
"../../../Engine/Plugins/Interchange/Assets/Content/gltf/MaterialBodies/MF_ClearCoat_Body.uasset" 977
"../../../Engine/Plugins/Interchange/Assets/Content/gltf/MaterialBodies/MF_ClearCoat_Body.uexp" 978
"../../../Engine/Plugins/Interchange/Assets/Content/gltf/M_ClearCoat.uasset" 979
"../../../Engine/Plugins/Interchange/Assets/Content/gltf/M_ClearCoat.uexp" 980
"../../../Engine/Plugins/Interchange/Assets/Content/gltf/MaterialInstances/MI_ClearCoat_Opaque_DS.uasset" 981
"../../../Engine/Plugins/Interchange/Assets/Content/gltf/MaterialInstances/MI_ClearCoat_Opaque_DS.uexp" 982
"../../../Engine/Plugins/Interchange/Assets/Content/gltf/MaterialInstances/MI_ClearCoat_Opaque.uasset" 983
"../../../Engine/Plugins/Interchange/Assets/Content/gltf/MaterialInstances/MI_ClearCoat_Opaque.uexp" 984
"../../../Engine/Plugins/Interchange/Assets/Content/gltf/MaterialInstances/MI_ClearCoat_Mask_DS.uasset" 985
"../../../Engine/Plugins/Interchange/Assets/Content/gltf/MaterialInstances/MI_ClearCoat_Mask_DS.uexp" 986
"../../../Engine/Plugins/Interchange/Assets/Content/gltf/MaterialInstances/MI_ClearCoat_Mask.uasset" 987
"../../../Engine/Plugins/Interchange/Assets/Content/gltf/MaterialInstances/MI_ClearCoat_Mask.uexp" 988
"../../../Engine/Plugins/Interchange/Assets/Content/gltf/MaterialInstances/MI_ClearCoat_Blend_DS.uasset" 989
"../../../Engine/Plugins/Interchange/Assets/Content/gltf/MaterialInstances/MI_ClearCoat_Blend_DS.uexp" 990
"../../../Engine/Plugins/Interchange/Assets/Content/gltf/MaterialInstances/MI_ClearCoat_Blend.uasset" 991
"../../../Engine/Plugins/Interchange/Assets/Content/gltf/MaterialInstances/MI_ClearCoat_Blend.uexp" 992
"../../../Engine/Content/EngineMaterials/Substrate/Volume/SubstrateSimpleVolumeLUT3D.uasset" 993
"../../../Engine/Content/EngineMaterials/Substrate/Volume/SubstrateSimpleVolumeLUT3D.uexp" 994
"../../../Engine/Content/EngineMaterials/Substrate/Volume/SubstrateSimpleVolumeEnvLUT3D.uasset" 995
"../../../Engine/Content/EngineMaterials/Substrate/Volume/SubstrateSimpleVolumeEnvLUT3D.uexp" 996
"../../../Engine/Plugins/NNE/NNEDenoiser/Content/NNED_Oidn2-3_HighQuality_Alpha.uasset" 997
"../../../Engine/Plugins/NNE/NNEDenoiser/Content/NNED_Oidn2-3_HighQuality_Alpha.uexp" 998
"../../../Engine/Plugins/NNE/NNEDenoiser/Content/NNED_Oidn2-3_HighQuality.uasset" 999
"../../../Engine/Plugins/NNE/NNEDenoiser/Content/NNED_Oidn2-3_HighQuality.uexp" 1000
"../../../Engine/Plugins/NNE/NNEDenoiser/Content/NNED_Oidn2-3_Fast_Alpha.uasset" 1001
"../../../Engine/Plugins/NNE/NNEDenoiser/Content/NNED_Oidn2-3_Fast_Alpha.uexp" 1002
"../../../Engine/Plugins/NNE/NNEDenoiser/Content/NNED_Oidn2-3_Fast.uasset" 1003
"../../../Engine/Plugins/NNE/NNEDenoiser/Content/NNED_Oidn2-3_Fast.uexp" 1004
"../../../Engine/Plugins/NNE/NNEDenoiser/Content/NNED_Oidn2-3_Balanced_Alpha.uasset" 1005
"../../../Engine/Plugins/NNE/NNEDenoiser/Content/NNED_Oidn2-3_Balanced_Alpha.uexp" 1006
"../../../Engine/Plugins/NNE/NNEDenoiser/Content/NNED_Oidn2-3_Balanced.uasset" 1007
"../../../Engine/Plugins/NNE/NNEDenoiser/Content/NNED_Oidn2-3_Balanced.uexp" 1008
"../../../Engine/Plugins/NNE/NNEDenoiser/Content/NNEDT_Oidn2-3_Balanced_Alpha.uasset" 1009
"../../../Engine/Plugins/NNE/NNEDenoiser/Content/NNEDT_Oidn2-3_Balanced_Alpha.uexp" 1010
"../../../Engine/Plugins/NNE/NNEDenoiser/Content/NNEDT_Oidn2-3_Balanced.uasset" 1011
"../../../Engine/Plugins/NNE/NNEDenoiser/Content/NNEDT_Oidn2-3_Balanced.uexp" 1012
"../../../Engine/Plugins/Animation/DeformerGraph/Content/DeformerFunctions/DG_Function_LinearBlendSkin_Morph_Cloth_PositionOnly.uasset" 1013
"../../../Engine/Plugins/Animation/DeformerGraph/Content/DeformerFunctions/DG_Function_LinearBlendSkin_Morph_Cloth_PositionOnly.uexp" 1014
"../../../Engine/Plugins/Animation/DeformerGraph/Content/DeformerFunctions/DG_Function_ComputeNormalsTangents.uasset" 1015
"../../../Engine/Plugins/Animation/DeformerGraph/Content/DeformerFunctions/DG_Function_ComputeNormalsTangents.uexp" 1016
"../../../Engine/Plugins/Animation/DeformerGraph/Content/Deformers/DG_LinearBlendSkin_Morph_Cloth_RecomputeNormals.uasset" 1017
"../../../Engine/Plugins/Animation/DeformerGraph/Content/Deformers/DG_LinearBlendSkin_Morph_Cloth_RecomputeNormals.uexp" 1018
"../../../Engine/Plugins/Animation/DeformerGraph/Content/DeformerFunctions/DG_Function_LinearBlendSkin_Morph_Cloth.uasset" 1019
"../../../Engine/Plugins/Animation/DeformerGraph/Content/DeformerFunctions/DG_Function_LinearBlendSkin_Morph_Cloth.uexp" 1020
"../../../Engine/Plugins/Animation/DeformerGraph/Content/Deformers/DG_LinearBlendSkin_Morph_Cloth.uasset" 1021
"../../../Engine/Plugins/Animation/DeformerGraph/Content/Deformers/DG_LinearBlendSkin_Morph_Cloth.uexp" 1022
"C:/Unreal Projects/FeatureProject/Content/Blueprints/UI/BP_UIManager.uasset" 1023
"C:/Unreal Projects/FeatureProject/Content/Blueprints/UI/BP_UIManager.uexp" 1024
"C:/Unreal Projects/FeatureProject/Content/Blueprints/UI/WBP_MainMenu.uasset" 1025
"C:/Unreal Projects/FeatureProject/Content/Blueprints/UI/WBP_MainMenu.uexp" 1026
"C:/Unreal Projects/FeatureProject/Content/Levels/MainMenu.uexp" 1027
"C:/Unreal Projects/FeatureProject/Content/Levels/MainMenu.umap" 1028
"C:/Unreal Projects/FeatureProject/Content/Blueprints/UI/WBP_GameOver.uasset" 1029
"C:/Unreal Projects/FeatureProject/Content/Blueprints/UI/WBP_GameOver.uexp" 1030
"C:/Unreal Projects/FeatureProject/Content/Levels/GameOver.uexp" 1031
"C:/Unreal Projects/FeatureProject/Content/Levels/GameOver.umap" 1032
"C:/Unreal Projects/FeatureProject/Content/Blueprints/UI/WBP_Controls.uasset" 1033
"C:/Unreal Projects/FeatureProject/Content/Blueprints/UI/WBP_Controls.uexp" 1034
"C:/Unreal Projects/FeatureProject/Content/Levels/Controls.uexp" 1035
"C:/Unreal Projects/FeatureProject/Content/Levels/Controls.umap" 1036
"../../../Engine/Content/BasicShapes/Plane.ubulk" 1037
"../../../Engine/Content/BasicShapes/Plane.uasset" 1038
"../../../Engine/Content/BasicShapes/Plane.uexp" 1039
"../../../Engine/Content/EngineSky/VolumetricClouds/VT_PerlinWorley_Balanced.uasset" 1040
"../../../Engine/Content/EngineSky/VolumetricClouds/VT_PerlinWorley_Balanced.uexp" 1041
"../../../Engine/Content/EngineSky/VolumetricClouds/T_Profile_08.ubulk" 1042
"../../../Engine/Content/EngineSky/VolumetricClouds/T_Profile_08.uasset" 1043
"../../../Engine/Content/EngineSky/VolumetricClouds/T_Profile_08.uexp" 1044
"../../../Engine/Content/EngineSky/VolumetricClouds/T_CloudPattern.ubulk" 1045
"../../../Engine/Content/EngineSky/VolumetricClouds/T_CloudPattern.uasset" 1046
"../../../Engine/Content/EngineSky/VolumetricClouds/T_CloudPattern.uexp" 1047
"../../../Engine/Content/EngineSky/VolumetricClouds/T_CloudMask.ubulk" 1048
"../../../Engine/Content/EngineSky/VolumetricClouds/T_CloudMask.uasset" 1049
"../../../Engine/Content/EngineSky/VolumetricClouds/T_CloudMask.uexp" 1050
"../../../Engine/Content/Functions/Engine_MaterialFunctions02/Utility/BreakOutFloat4Components.uasset" 1051
"../../../Engine/Content/Functions/Engine_MaterialFunctions02/Utility/BreakOutFloat4Components.uexp" 1052
"../../../Engine/Content/Functions/Engine_MaterialFunctions02/Utility/MakeFloat4.uasset" 1053
"../../../Engine/Content/Functions/Engine_MaterialFunctions02/Utility/MakeFloat4.uexp" 1054
"../../../Engine/Content/EngineResources/DefaultVolumeTexture2D.uasset" 1055
"../../../Engine/Content/EngineResources/DefaultVolumeTexture2D.uexp" 1056
"../../../Engine/Content/EngineResources/DefaultVolumeTexture.uasset" 1057
"../../../Engine/Content/EngineResources/DefaultVolumeTexture.uexp" 1058
"../../../Engine/Content/EngineSky/VolumetricClouds/VT_Lightning.uasset" 1059
"../../../Engine/Content/EngineSky/VolumetricClouds/VT_Lightning.uexp" 1060
"../../../Engine/Content/Functions/Engine_MaterialFunctions01/Units/Km-to-Cm.uasset" 1061
"../../../Engine/Content/Functions/Engine_MaterialFunctions01/Units/Km-to-Cm.uexp" 1062
"../../../Engine/Content/EngineSky/VolumetricClouds/m_SimpleVolumetricCloud.uasset" 1063
"../../../Engine/Content/EngineSky/VolumetricClouds/m_SimpleVolumetricCloud.uexp" 1064
"../../../Engine/Content/EngineSky/VolumetricClouds/m_SimpleVolumetricCloud_Inst.uasset" 1065
"../../../Engine/Content/EngineSky/VolumetricClouds/m_SimpleVolumetricCloud_Inst.uexp" 1066
"C:/Unreal Projects/FeatureProject/Content/Blueprints/BP_WinWall.uasset" 1067
"C:/Unreal Projects/FeatureProject/Content/Blueprints/BP_WinWall.uexp" 1068
"C:/Unreal Projects/FeatureProject/Content/Blueprints/Materials/M_Glass.uasset" 1069
"C:/Unreal Projects/FeatureProject/Content/Blueprints/Materials/M_Glass.uexp" 1070
"C:/Unreal Projects/FeatureProject/Content/Levels/Level1.uexp" 1071
"C:/Unreal Projects/FeatureProject/Content/Levels/Level1.umap" 1072
"../../../Engine/Content/Maps/Entry_BuiltData.uasset" 1073
"../../../Engine/Content/Maps/Entry_BuiltData.uexp" 1074
"../../../Engine/Content/Maps/Entry.uexp" 1075
"../../../Engine/Content/Maps/Entry.umap" 1076
